2025-11-08 00:03:16.561 DEBUG [http-nio-8090-exec-2] c.r.d.auth.controller.AuthController - 세션 확인 API 호출
2025-11-08 00:08:16.544 DEBUG [http-nio-8090-exec-3] c.r.d.auth.controller.AuthController - 세션 확인 API 호출
2025-11-08 00:13:16.536 DEBUG [http-nio-8090-exec-6] c.r.d.auth.controller.AuthController - 세션 확인 API 호출
2025-11-08 00:18:16.526 DEBUG [http-nio-8090-exec-5] c.r.d.auth.controller.AuthController - 세션 확인 API 호출
2025-11-08 16:59:24.679 INFO  [restartedMain] com.rsms.RsmsApplication - Starting RsmsApplication using Java 21.0.8 with PID 13233 (/home/rocosoo/RSMS/backend/build/classes/java/main started by rocosoo in /home/rocosoo/RSMS/backend)
2025-11-08 16:59:24.680 DEBUG [restartedMain] com.rsms.RsmsApplication - Running with Spring Boot v3.3.5, Spring v6.1.14
2025-11-08 16:59:24.681 INFO  [restartedMain] com.rsms.RsmsApplication - The following 1 profile is active: "local"
2025-11-08 16:59:36.826 INFO  [restartedMain] com.rsms.RsmsApplication - Started RsmsApplication in 12.757 seconds (process running for 13.614)
2025-11-08 16:59:40.967 INFO  [http-nio-8090-exec-2] c.r.d.auth.controller.AuthController - 로그인 API 호출: username=admin
2025-11-08 16:59:40.976 INFO  [http-nio-8090-exec-2] c.r.domain.auth.service.AuthService - 로그인 시도: username=admin
2025-11-08 16:59:41.399 DEBUG [http-nio-8090-exec-2] c.r.d.a.s.CustomUserDetailsService - 로그인 시도: username=admin
2025-11-08 16:59:41.445 DEBUG [http-nio-8090-exec-2] c.r.d.a.s.CustomUserDetailsService - 사용자 역할 조회 완료: username=admin, roles=[002, 103]
2025-11-08 16:59:41.731 INFO  [http-nio-8090-exec-2] c.r.domain.auth.service.AuthService - 로그인 성공: username=admin, userId=1
2025-11-08 16:59:41.759 INFO  [http-nio-8090-exec-2] c.r.d.auth.controller.AuthController - 로그인 성공: username=admin, sessionId=1d766b2f-02dd-4d0c-add7-0929031496e8
2025-11-08 16:59:41.890 DEBUG [http-nio-8090-exec-5] c.r.d.auth.controller.MenuController - 메뉴 계층 구조 조회 API 호출
2025-11-08 16:59:41.891 DEBUG [http-nio-8090-exec-5] c.r.domain.auth.service.MenuService - 메뉴 계층 구조 조회 시작
2025-11-08 16:59:41.892 INFO  [http-nio-8090-exec-4] c.r.d.o.c.OrganizationController - GET /api/organizations/active - 활성 조직 목록 조회
2025-11-08 16:59:41.894 DEBUG [http-nio-8090-exec-4] c.r.d.o.service.OrganizationService - 활성 조직 목록 조회
2025-11-08 16:59:41.894 INFO  [http-nio-8090-exec-3] c.r.d.s.c.c.CommonCodeController - GET /api/system/codes/groups/active/with-details - 활성화된 모든 코드 그룹 및 상세 조회
2025-11-08 16:59:41.912 DEBUG [http-nio-8090-exec-3] c.r.d.s.c.service.CommonCodeService - 활성화된 모든 코드 그룹 및 상세 조회
2025-11-08 16:59:41.926 DEBUG [http-nio-8090-exec-5] c.r.domain.auth.service.MenuService - 활성 메뉴 조회 완료: 31 개
2025-11-08 16:59:41.929 DEBUG [http-nio-8090-exec-5] c.r.domain.auth.service.MenuService - 메뉴 계층 구조 생성 완료: 최상위 메뉴 7 개
2025-11-08 17:04:42.295 DEBUG [http-nio-8090-exec-10] c.r.d.auth.controller.AuthController - 세션 확인 API 호출
2025-11-08 17:06:15.983 INFO  [http-nio-8090-exec-2] c.r.d.s.c.c.CommonCodeController - GET /api/system/codes/groups - 모든 코드 그룹 조회
2025-11-08 17:06:15.984 DEBUG [http-nio-8090-exec-2] c.r.d.s.c.service.CommonCodeService - 모든 코드 그룹 조회
2025-11-08 17:06:16.036 INFO  [http-nio-8090-exec-5] c.r.d.s.c.c.CommonCodeController - GET /api/system/codes/groups - 모든 코드 그룹 조회
2025-11-08 17:06:16.038 DEBUG [http-nio-8090-exec-5] c.r.d.s.c.service.CommonCodeService - 모든 코드 그룹 조회
2025-11-08 17:06:16.144 INFO  [http-nio-8090-exec-4] c.r.d.s.c.c.CommonCodeController - GET /api/system/codes/groups/RSBT_RSOF_DVCD/details - 그룹별 상세 코드 조회
2025-11-08 17:06:16.145 DEBUG [http-nio-8090-exec-4] c.r.d.s.c.service.CommonCodeService - 그룹별 상세 코드 조회 - groupCode: RSBT_RSOF_DVCD
2025-11-08 17:06:36.149 INFO  [http-nio-8090-exec-3] c.r.d.s.c.c.CommonCodeController - GET /api/system/codes/groups/NEW_1762589195017/details - 그룹별 상세 코드 조회
2025-11-08 17:06:36.149 DEBUG [http-nio-8090-exec-3] c.r.d.s.c.service.CommonCodeService - 그룹별 상세 코드 조회 - groupCode: NEW_1762589195017
2025-11-08 17:06:36.392 INFO  [http-nio-8090-exec-6] c.r.d.s.c.c.CommonCodeController - GET /api/system/codes/groups/NEW_1762589195017/details - 그룹별 상세 코드 조회
2025-11-08 17:06:36.393 DEBUG [http-nio-8090-exec-6] c.r.d.s.c.service.CommonCodeService - 그룹별 상세 코드 조회 - groupCode: NEW_1762589195017
2025-11-08 17:06:54.726 INFO  [http-nio-8090-exec-8] c.r.d.s.c.c.CommonCodeController - POST /api/system/codes/groups - 코드 그룹 생성: FLFL_STCD
2025-11-08 17:06:54.727 INFO  [http-nio-8090-exec-8] c.r.d.s.c.service.CommonCodeService - 코드 그룹 생성 - groupCode: FLFL_STCD, user: admin
2025-11-08 17:06:54.804 INFO  [http-nio-8090-exec-9] c.r.d.s.c.c.CommonCodeController - GET /api/system/codes/groups - 모든 코드 그룹 조회
2025-11-08 17:06:54.805 DEBUG [http-nio-8090-exec-9] c.r.d.s.c.service.CommonCodeService - 모든 코드 그룹 조회
2025-11-08 17:07:01.645 INFO  [http-nio-8090-exec-10] c.r.d.s.c.c.CommonCodeController - GET /api/system/codes/groups/FLFL_ISPC_FRCD/details - 그룹별 상세 코드 조회
2025-11-08 17:07:01.645 DEBUG [http-nio-8090-exec-10] c.r.d.s.c.service.CommonCodeService - 그룹별 상세 코드 조회 - groupCode: FLFL_ISPC_FRCD
2025-11-08 17:07:04.937 INFO  [http-nio-8090-exec-1] c.r.d.s.c.c.CommonCodeController - GET /api/system/codes/groups/FLFL_STCD/details - 그룹별 상세 코드 조회
2025-11-08 17:07:04.938 DEBUG [http-nio-8090-exec-1] c.r.d.s.c.service.CommonCodeService - 그룹별 상세 코드 조회 - groupCode: FLFL_STCD
2025-11-08 17:07:53.935 INFO  [http-nio-8090-exec-4] c.r.d.s.c.c.CommonCodeController - POST /api/system/codes/details - 상세 코드 생성: FLFL_STCD-03
2025-11-08 17:07:53.936 INFO  [http-nio-8090-exec-4] c.r.d.s.c.service.CommonCodeService - 상세 코드 생성 - groupCode: FLFL_STCD, detailCode: 03, user: admin
2025-11-08 17:07:53.999 INFO  [http-nio-8090-exec-3] c.r.d.s.c.c.CommonCodeController - POST /api/system/codes/details - 상세 코드 생성: FLFL_STCD-02
2025-11-08 17:07:54.000 INFO  [http-nio-8090-exec-3] c.r.d.s.c.service.CommonCodeService - 상세 코드 생성 - groupCode: FLFL_STCD, detailCode: 02, user: admin
2025-11-08 17:07:54.089 INFO  [http-nio-8090-exec-6] c.r.d.s.c.c.CommonCodeController - POST /api/system/codes/details - 상세 코드 생성: FLFL_STCD-01
2025-11-08 17:07:54.090 INFO  [http-nio-8090-exec-6] c.r.d.s.c.service.CommonCodeService - 상세 코드 생성 - groupCode: FLFL_STCD, detailCode: 01, user: admin
2025-11-08 17:07:54.143 INFO  [http-nio-8090-exec-7] c.r.d.s.c.c.CommonCodeController - GET /api/system/codes/groups/FLFL_STCD/details - 그룹별 상세 코드 조회
2025-11-08 17:07:54.143 DEBUG [http-nio-8090-exec-7] c.r.d.s.c.service.CommonCodeService - 그룹별 상세 코드 조회 - groupCode: FLFL_STCD
2025-11-08 17:08:15.498 INFO  [http-nio-8090-exec-8] c.r.d.s.c.c.CommonCodeController - GET /api/system/codes/groups - 모든 코드 그룹 조회
2025-11-08 17:08:15.498 DEBUG [http-nio-8090-exec-8] c.r.d.s.c.service.CommonCodeService - 모든 코드 그룹 조회
2025-11-08 17:08:15.546 INFO  [http-nio-8090-exec-9] c.r.d.s.c.c.CommonCodeController - GET /api/system/codes/groups - 모든 코드 그룹 조회
2025-11-08 17:08:15.546 DEBUG [http-nio-8090-exec-9] c.r.d.s.c.service.CommonCodeService - 모든 코드 그룹 조회
2025-11-08 17:08:15.646 INFO  [http-nio-8090-exec-10] c.r.d.s.c.c.CommonCodeController - GET /api/system/codes/groups/RSBT_RSOF_DVCD/details - 그룹별 상세 코드 조회
2025-11-08 17:08:15.647 DEBUG [http-nio-8090-exec-10] c.r.d.s.c.service.CommonCodeService - 그룹별 상세 코드 조회 - groupCode: RSBT_RSOF_DVCD
2025-11-08 17:08:18.006 INFO  [http-nio-8090-exec-1] c.r.d.s.c.c.CommonCodeController - GET /api/system/codes/groups/FLFL_STCD/details - 그룹별 상세 코드 조회
2025-11-08 17:08:18.007 DEBUG [http-nio-8090-exec-1] c.r.d.s.c.service.CommonCodeService - 그룹별 상세 코드 조회 - groupCode: FLFL_STCD
2025-11-08 17:08:39.478 INFO  [http-nio-8090-exec-2] c.r.d.s.c.c.CommonCodeController - GET /api/system/codes/groups - 모든 코드 그룹 조회
2025-11-08 17:08:39.479 DEBUG [http-nio-8090-exec-2] c.r.d.s.c.service.CommonCodeService - 모든 코드 그룹 조회
2025-11-08 17:08:39.521 INFO  [http-nio-8090-exec-5] c.r.d.s.c.c.CommonCodeController - GET /api/system/codes/groups - 모든 코드 그룹 조회
2025-11-08 17:08:39.523 DEBUG [http-nio-8090-exec-5] c.r.d.s.c.service.CommonCodeService - 모든 코드 그룹 조회
2025-11-08 17:08:39.677 INFO  [http-nio-8090-exec-4] c.r.d.s.c.c.CommonCodeController - GET /api/system/codes/groups/RSBT_RSOF_DVCD/details - 그룹별 상세 코드 조회
2025-11-08 17:08:39.678 DEBUG [http-nio-8090-exec-4] c.r.d.s.c.service.CommonCodeService - 그룹별 상세 코드 조회 - groupCode: RSBT_RSOF_DVCD
2025-11-08 17:08:42.296 INFO  [http-nio-8090-exec-3] c.r.d.s.c.c.CommonCodeController - GET /api/system/codes/groups/FLFL_STCD/details - 그룹별 상세 코드 조회
2025-11-08 17:08:42.297 DEBUG [http-nio-8090-exec-3] c.r.d.s.c.service.CommonCodeService - 그룹별 상세 코드 조회 - groupCode: FLFL_STCD
2025-11-08 17:09:42.303 DEBUG [http-nio-8090-exec-8] c.r.d.auth.controller.AuthController - 세션 확인 API 호출
2025-11-08 17:14:42.312 DEBUG [http-nio-8090-exec-10] c.r.d.auth.controller.AuthController - 세션 확인 API 호출
2025-11-08 17:19:42.330 DEBUG [http-nio-8090-exec-2] c.r.d.auth.controller.AuthController - 세션 확인 API 호출
2025-11-08 17:24:42.334 DEBUG [http-nio-8090-exec-4] c.r.d.auth.controller.AuthController - 세션 확인 API 호출
2025-11-08 17:29:46.511 INFO  [http-nio-8090-exec-7] c.r.d.auth.controller.AuthController - 로그인 API 호출: username=admin
2025-11-08 17:29:46.512 INFO  [http-nio-8090-exec-7] c.r.domain.auth.service.AuthService - 로그인 시도: username=admin
2025-11-08 17:29:46.517 DEBUG [http-nio-8090-exec-7] c.r.d.a.s.CustomUserDetailsService - 로그인 시도: username=admin
2025-11-08 17:29:46.529 DEBUG [http-nio-8090-exec-7] c.r.d.a.s.CustomUserDetailsService - 사용자 역할 조회 완료: username=admin, roles=[002, 103]
2025-11-08 17:29:46.843 INFO  [http-nio-8090-exec-7] c.r.domain.auth.service.AuthService - 로그인 성공: username=admin, userId=1
2025-11-08 17:29:46.855 INFO  [http-nio-8090-exec-7] c.r.d.auth.controller.AuthController - 로그인 성공: username=admin, sessionId=9c1ca243-8fdd-4f16-b15e-9fab2cf22cd8
2025-11-08 17:29:46.920 INFO  [http-nio-8090-exec-8] c.r.d.s.c.c.CommonCodeController - GET /api/system/codes/groups/active/with-details - 활성화된 모든 코드 그룹 및 상세 조회
2025-11-08 17:29:46.922 DEBUG [http-nio-8090-exec-8] c.r.d.s.c.service.CommonCodeService - 활성화된 모든 코드 그룹 및 상세 조회
2025-11-08 17:29:46.922 INFO  [http-nio-8090-exec-9] c.r.d.o.c.OrganizationController - GET /api/organizations/active - 활성 조직 목록 조회
2025-11-08 17:29:46.928 DEBUG [http-nio-8090-exec-9] c.r.d.o.service.OrganizationService - 활성 조직 목록 조회
2025-11-08 17:29:46.931 DEBUG [http-nio-8090-exec-10] c.r.d.auth.controller.MenuController - 메뉴 계층 구조 조회 API 호출
2025-11-08 17:29:46.956 DEBUG [http-nio-8090-exec-10] c.r.domain.auth.service.MenuService - 메뉴 계층 구조 조회 시작
2025-11-08 17:29:46.963 DEBUG [http-nio-8090-exec-10] c.r.domain.auth.service.MenuService - 활성 메뉴 조회 완료: 31 개
2025-11-08 17:29:46.964 DEBUG [http-nio-8090-exec-10] c.r.domain.auth.service.MenuService - 메뉴 계층 구조 생성 완료: 최상위 메뉴 7 개
2025-11-08 17:34:47.197 DEBUG [http-nio-8090-exec-4] c.r.d.auth.controller.AuthController - 세션 확인 API 호출
2025-11-08 17:39:47.201 DEBUG [http-nio-8090-exec-6] c.r.d.auth.controller.AuthController - 세션 확인 API 호출
2025-11-08 17:44:47.184 DEBUG [http-nio-8090-exec-9] c.r.d.auth.controller.AuthController - 세션 확인 API 호출
2025-11-08 17:49:47.209 DEBUG [http-nio-8090-exec-8] c.r.d.auth.controller.AuthController - 세션 확인 API 호출
2025-11-08 17:51:43.173 INFO  [http-nio-8090-exec-2] c.r.d.l.c.LedgerOrderController - GET /api/ledger-orders/combo - 콤보박스용 원장차수 조회 (PROG, CLSD만)
2025-11-08 17:51:43.174 DEBUG [http-nio-8090-exec-2] c.r.d.l.service.LedgerOrderService - 콤보박스용 원장차수 조회 (PROG, CLSD만)
2025-11-08 17:51:43.191 DEBUG [http-nio-8090-exec-2] c.r.d.l.service.LedgerOrderService - 활성 원장차수 조회 완료 - count: 1
2025-11-08 17:52:06.732 INFO  [http-nio-8090-exec-1] c.r.d.o.c.OrganizationController - GET /api/organizations/search?keyword= - 조직 검색
2025-11-08 17:52:06.732 DEBUG [http-nio-8090-exec-1] c.r.d.o.service.OrganizationService - 조직 검색 - searchKeyword: 
2025-11-08 17:52:09.265 INFO  [http-nio-8090-exec-4] c.r.d.o.c.OrganizationController - GET /api/organizations/BRANCH003/management-obligations - 조직별 관리의무 조회
2025-11-08 17:52:09.266 DEBUG [http-nio-8090-exec-4] c.r.d.o.service.OrganizationService - 조직별 관리의무 조회 - orgCode: BRANCH003
2025-11-08 17:52:26.083 INFO  [http-nio-8090-exec-3] c.r.d.o.c.OrganizationController - GET /api/organizations/search?keyword= - 조직 검색
2025-11-08 17:52:26.084 DEBUG [http-nio-8090-exec-3] c.r.d.o.service.OrganizationService - 조직 검색 - searchKeyword: 
2025-11-08 17:52:34.896 INFO  [http-nio-8090-exec-6] c.r.d.o.c.OrganizationController - GET /api/organizations/DEPT010/management-obligations - 조직별 관리의무 조회
2025-11-08 17:52:34.896 DEBUG [http-nio-8090-exec-6] c.r.d.o.service.OrganizationService - 조직별 관리의무 조회 - orgCode: DEPT010
2025-11-08 17:52:38.565 INFO  [http-nio-8090-exec-7] c.r.d.o.c.OrganizationController - GET /api/organizations/search?keyword= - 조직 검색
2025-11-08 17:52:38.565 DEBUG [http-nio-8090-exec-7] c.r.d.o.service.OrganizationService - 조직 검색 - searchKeyword: 
2025-11-08 17:52:48.081 INFO  [http-nio-8090-exec-9] c.r.d.o.c.OrganizationController - GET /api/organizations/DEPT009/management-obligations - 조직별 관리의무 조회
2025-11-08 17:52:48.082 DEBUG [http-nio-8090-exec-9] c.r.d.o.service.OrganizationService - 조직별 관리의무 조회 - orgCode: DEPT009
2025-11-08 17:52:53.732 INFO  [http-nio-8090-exec-10] c.r.d.o.c.OrganizationController - GET /api/organizations/search?keyword= - 조직 검색
2025-11-08 17:52:53.733 DEBUG [http-nio-8090-exec-10] c.r.d.o.service.OrganizationService - 조직 검색 - searchKeyword: 
2025-11-08 17:52:58.116 INFO  [http-nio-8090-exec-8] c.r.d.o.c.OrganizationController - GET /api/organizations/DEPT004/management-obligations - 조직별 관리의무 조회
2025-11-08 17:52:58.116 DEBUG [http-nio-8090-exec-8] c.r.d.o.service.OrganizationService - 조직별 관리의무 조회 - orgCode: DEPT004
2025-11-08 17:54:47.215 DEBUG [http-nio-8090-exec-2] c.r.d.auth.controller.AuthController - 세션 확인 API 호출
2025-11-08 18:00:43.861 INFO  [http-nio-8090-exec-6] c.r.d.auth.controller.AuthController - 로그인 API 호출: username=admin
2025-11-08 18:00:43.867 INFO  [http-nio-8090-exec-6] c.r.domain.auth.service.AuthService - 로그인 시도: username=admin
2025-11-08 18:00:43.889 DEBUG [http-nio-8090-exec-6] c.r.d.a.s.CustomUserDetailsService - 로그인 시도: username=admin
2025-11-08 18:00:43.934 DEBUG [http-nio-8090-exec-6] c.r.d.a.s.CustomUserDetailsService - 사용자 역할 조회 완료: username=admin, roles=[002, 103]
2025-11-08 18:00:44.952 INFO  [http-nio-8090-exec-6] c.r.domain.auth.service.AuthService - 로그인 성공: username=admin, userId=1
2025-11-08 18:00:45.010 INFO  [http-nio-8090-exec-6] c.r.d.auth.controller.AuthController - 로그인 성공: username=admin, sessionId=408b9d53-96e2-4f1a-9a3f-5087ec4737d7
2025-11-08 18:00:45.212 INFO  [http-nio-8090-exec-7] c.r.d.s.c.c.CommonCodeController - GET /api/system/codes/groups/active/with-details - 활성화된 모든 코드 그룹 및 상세 조회
2025-11-08 18:00:45.213 DEBUG [http-nio-8090-exec-7] c.r.d.s.c.service.CommonCodeService - 활성화된 모든 코드 그룹 및 상세 조회
2025-11-08 18:00:45.267 DEBUG [http-nio-8090-exec-9] c.r.d.auth.controller.MenuController - 메뉴 계층 구조 조회 API 호출
2025-11-08 18:00:45.268 INFO  [http-nio-8090-exec-10] c.r.d.o.c.OrganizationController - GET /api/organizations/active - 활성 조직 목록 조회
2025-11-08 18:00:45.268 DEBUG [http-nio-8090-exec-9] c.r.domain.auth.service.MenuService - 메뉴 계층 구조 조회 시작
2025-11-08 18:00:45.285 DEBUG [http-nio-8090-exec-10] c.r.d.o.service.OrganizationService - 활성 조직 목록 조회
2025-11-08 18:00:45.287 DEBUG [http-nio-8090-exec-9] c.r.domain.auth.service.MenuService - 활성 메뉴 조회 완료: 31 개
2025-11-08 18:00:45.296 DEBUG [http-nio-8090-exec-9] c.r.domain.auth.service.MenuService - 메뉴 계층 구조 생성 완료: 최상위 메뉴 7 개
2025-11-08 18:01:00.249 DEBUG [http-nio-8090-exec-8] c.r.d.auth.controller.MenuController - 메뉴 계층 구조 조회 API 호출
2025-11-08 18:01:00.254 DEBUG [http-nio-8090-exec-5] c.r.d.auth.controller.AuthController - 현재 사용자 정보 조회 API 호출
2025-11-08 18:01:00.256 DEBUG [http-nio-8090-exec-8] c.r.domain.auth.service.MenuService - 메뉴 계층 구조 조회 시작
2025-11-08 18:01:00.271 DEBUG [http-nio-8090-exec-8] c.r.domain.auth.service.MenuService - 활성 메뉴 조회 완료: 31 개
2025-11-08 18:01:00.271 DEBUG [http-nio-8090-exec-8] c.r.domain.auth.service.MenuService - 메뉴 계층 구조 생성 완료: 최상위 메뉴 7 개
2025-11-08 18:01:00.293 DEBUG [http-nio-8090-exec-2] c.r.d.auth.controller.AuthController - 현재 사용자 정보 조회 API 호출
2025-11-08 18:01:00.310 DEBUG [http-nio-8090-exec-1] c.r.d.auth.controller.MenuController - 메뉴 계층 구조 조회 API 호출
2025-11-08 18:01:00.310 DEBUG [http-nio-8090-exec-1] c.r.domain.auth.service.MenuService - 메뉴 계층 구조 조회 시작
2025-11-08 18:01:00.375 DEBUG [http-nio-8090-exec-1] c.r.domain.auth.service.MenuService - 활성 메뉴 조회 완료: 31 개
2025-11-08 18:01:00.376 DEBUG [http-nio-8090-exec-1] c.r.domain.auth.service.MenuService - 메뉴 계층 구조 생성 완료: 최상위 메뉴 7 개
2025-11-08 18:01:02.167 INFO  [http-nio-8090-exec-3] c.r.d.l.c.LedgerOrderController - GET /api/ledger-orders/combo - 콤보박스용 원장차수 조회 (PROG, CLSD만)
2025-11-08 18:01:02.170 DEBUG [http-nio-8090-exec-3] c.r.d.l.service.LedgerOrderService - 콤보박스용 원장차수 조회 (PROG, CLSD만)
2025-11-08 18:01:02.191 DEBUG [http-nio-8090-exec-3] c.r.d.l.service.LedgerOrderService - 활성 원장차수 조회 완료 - count: 1
2025-11-08 18:01:02.224 INFO  [http-nio-8090-exec-4] c.r.d.r.c.RespStatementController - [RespStatementController] 책무기술서 목록 조회 - page: 0, size: 20
2025-11-08 18:01:02.230 INFO  [http-nio-8090-exec-4] c.r.d.r.service.RespStatementService - [RespStatementService] 책무기술서 목록 조회 - page: 0, size: 20
2025-11-08 18:01:02.452 INFO  [http-nio-8090-exec-4] c.r.d.r.c.RespStatementController - [RespStatementController] 책무기술서 목록 조회 완료 - 총 2건
2025-11-08 18:01:02.537 INFO  [http-nio-8090-exec-6] c.r.d.r.c.RespStatementController - [RespStatementController] 책무기술서 목록 조회 - page: 0, size: 20
2025-11-08 18:01:02.538 INFO  [http-nio-8090-exec-6] c.r.d.r.service.RespStatementService - [RespStatementService] 책무기술서 목록 조회 - page: 0, size: 20
2025-11-08 18:01:02.578 INFO  [http-nio-8090-exec-6] c.r.d.r.c.RespStatementController - [RespStatementController] 책무기술서 목록 조회 완료 - 총 2건
2025-11-08 18:01:09.217 INFO  [http-nio-8090-exec-9] c.r.d.r.c.RespStatementController - [RespStatementController] 책무기술서 목록 조회 - page: 0, size: 20
2025-11-08 18:01:09.219 INFO  [http-nio-8090-exec-9] c.r.d.r.service.RespStatementService - [RespStatementService] 책무기술서 목록 조회 - page: 0, size: 20
2025-11-08 18:01:09.234 INFO  [http-nio-8090-exec-9] c.r.d.r.c.RespStatementController - [RespStatementController] 책무기술서 목록 조회 완료 - 총 2건
2025-11-08 18:01:09.275 INFO  [http-nio-8090-exec-7] c.r.d.r.c.RespStatementController - [RespStatementController] 책무기술서 목록 조회 - page: 0, size: 20
2025-11-08 18:01:09.276 INFO  [http-nio-8090-exec-7] c.r.d.r.service.RespStatementService - [RespStatementService] 책무기술서 목록 조회 - page: 0, size: 20
2025-11-08 18:01:09.324 INFO  [http-nio-8090-exec-7] c.r.d.r.c.RespStatementController - [RespStatementController] 책무기술서 목록 조회 완료 - 총 2건
2025-11-08 18:06:00.146 DEBUG [http-nio-8090-exec-1] c.r.d.auth.controller.AuthController - 세션 확인 API 호출
2025-11-08 18:11:00.812 DEBUG [http-nio-8090-exec-4] c.r.d.auth.controller.AuthController - 세션 확인 API 호출
2025-11-08 18:16:00.812 DEBUG [http-nio-8090-exec-9] c.r.d.auth.controller.AuthController - 세션 확인 API 호출
2025-11-08 18:18:42.158 INFO  [http-nio-8090-exec-10] c.r.d.s.c.c.CommonCodeController - GET /api/system/codes/groups - 모든 코드 그룹 조회
2025-11-08 18:18:42.159 DEBUG [http-nio-8090-exec-10] c.r.d.s.c.service.CommonCodeService - 모든 코드 그룹 조회
2025-11-08 18:18:42.212 INFO  [http-nio-8090-exec-5] c.r.d.s.c.c.CommonCodeController - GET /api/system/codes/groups - 모든 코드 그룹 조회
2025-11-08 18:18:42.213 DEBUG [http-nio-8090-exec-5] c.r.d.s.c.service.CommonCodeService - 모든 코드 그룹 조회
2025-11-08 18:18:42.388 INFO  [http-nio-8090-exec-8] c.r.d.s.c.c.CommonCodeController - GET /api/system/codes/groups/RSBT_RSOF_DVCD/details - 그룹별 상세 코드 조회
2025-11-08 18:18:42.390 DEBUG [http-nio-8090-exec-8] c.r.d.s.c.service.CommonCodeService - 그룹별 상세 코드 조회 - groupCode: RSBT_RSOF_DVCD
2025-11-08 18:18:44.684 INFO  [http-nio-8090-exec-2] c.r.d.s.c.c.CommonCodeController - GET /api/system/codes/groups/FLFL_STCD/details - 그룹별 상세 코드 조회
2025-11-08 18:18:44.685 DEBUG [http-nio-8090-exec-2] c.r.d.s.c.service.CommonCodeService - 그룹별 상세 코드 조회 - groupCode: FLFL_STCD
2025-11-08 18:19:21.698 INFO  [http-nio-8090-exec-3] c.r.d.s.c.c.CommonCodeController - PUT /api/system/codes/groups/FLFL_STCD/details/01 - 상세 코드 수정
2025-11-08 18:19:21.701 INFO  [http-nio-8090-exec-3] c.r.d.s.c.service.CommonCodeService - 상세 코드 수정 - groupCode: FLFL_STCD, detailCode: 01, user: admin
2025-11-08 18:19:21.787 INFO  [http-nio-8090-exec-6] c.r.d.s.c.c.CommonCodeController - PUT /api/system/codes/groups/FLFL_STCD/details/02 - 상세 코드 수정
2025-11-08 18:19:21.788 INFO  [http-nio-8090-exec-6] c.r.d.s.c.service.CommonCodeService - 상세 코드 수정 - groupCode: FLFL_STCD, detailCode: 02, user: admin
2025-11-08 18:19:21.856 INFO  [http-nio-8090-exec-7] c.r.d.s.c.c.CommonCodeController - PUT /api/system/codes/groups/FLFL_STCD/details/03 - 상세 코드 수정
2025-11-08 18:19:21.858 INFO  [http-nio-8090-exec-7] c.r.d.s.c.service.CommonCodeService - 상세 코드 수정 - groupCode: FLFL_STCD, detailCode: 03, user: admin
2025-11-08 18:19:21.901 INFO  [http-nio-8090-exec-10] c.r.d.s.c.c.CommonCodeController - GET /api/system/codes/groups/FLFL_STCD/details - 그룹별 상세 코드 조회
2025-11-08 18:19:21.902 DEBUG [http-nio-8090-exec-10] c.r.d.s.c.service.CommonCodeService - 그룹별 상세 코드 조회 - groupCode: FLFL_STCD
2025-11-08 18:21:00.127 DEBUG [http-nio-8090-exec-1] c.r.d.auth.controller.AuthController - 세션 확인 API 호출
2025-11-08 18:25:51.004 INFO  [http-nio-8090-exec-4] c.r.d.s.c.c.CommonCodeController - GET /api/system/codes/groups - 모든 코드 그룹 조회
2025-11-08 18:25:51.005 DEBUG [http-nio-8090-exec-4] c.r.d.s.c.service.CommonCodeService - 모든 코드 그룹 조회
2025-11-08 18:25:51.061 INFO  [http-nio-8090-exec-6] c.r.d.s.c.c.CommonCodeController - GET /api/system/codes/groups - 모든 코드 그룹 조회
2025-11-08 18:25:51.062 DEBUG [http-nio-8090-exec-6] c.r.d.s.c.service.CommonCodeService - 모든 코드 그룹 조회
2025-11-08 18:25:51.225 INFO  [http-nio-8090-exec-9] c.r.d.s.c.c.CommonCodeController - GET /api/system/codes/groups/RSBT_RSOF_DVCD/details - 그룹별 상세 코드 조회
2025-11-08 18:25:51.226 DEBUG [http-nio-8090-exec-9] c.r.d.s.c.service.CommonCodeService - 그룹별 상세 코드 조회 - groupCode: RSBT_RSOF_DVCD
2025-11-08 18:25:56.928 INFO  [http-nio-8090-exec-7] c.r.d.s.c.c.CommonCodeController - GET /api/system/codes/groups/ACVT_BZWK_KNCE/details - 그룹별 상세 코드 조회
2025-11-08 18:25:56.928 DEBUG [http-nio-8090-exec-7] c.r.d.s.c.service.CommonCodeService - 그룹별 상세 코드 조회 - groupCode: ACVT_BZWK_KNCE
2025-11-08 18:25:57.352 INFO  [http-nio-8090-exec-10] c.r.d.s.c.c.CommonCodeController - GET /api/system/codes/groups/ACVT_FRCD/details - 그룹별 상세 코드 조회
2025-11-08 18:25:57.353 DEBUG [http-nio-8090-exec-10] c.r.d.s.c.service.CommonCodeService - 그룹별 상세 코드 조회 - groupCode: ACVT_FRCD
2025-11-08 18:25:58.060 INFO  [http-nio-8090-exec-5] c.r.d.s.c.c.CommonCodeController - GET /api/system/codes/groups/EXC_RSLT_CD/details - 그룹별 상세 코드 조회
2025-11-08 18:25:58.060 DEBUG [http-nio-8090-exec-5] c.r.d.s.c.service.CommonCodeService - 그룹별 상세 코드 조회 - groupCode: EXC_RSLT_CD
2025-11-08 18:26:00.118 DEBUG [http-nio-8090-exec-2] c.r.d.auth.controller.AuthController - 세션 확인 API 호출
2025-11-08 18:26:50.485 INFO  [http-nio-8090-exec-8] c.r.d.s.c.c.CommonCodeController - GET /api/system/codes/groups/NEW_1762594009006/details - 그룹별 상세 코드 조회
2025-11-08 18:26:50.486 DEBUG [http-nio-8090-exec-8] c.r.d.s.c.service.CommonCodeService - 그룹별 상세 코드 조회 - groupCode: NEW_1762594009006
2025-11-08 18:26:50.718 INFO  [http-nio-8090-exec-1] c.r.d.s.c.c.CommonCodeController - GET /api/system/codes/groups/NEW_1762594009006/details - 그룹별 상세 코드 조회
2025-11-08 18:26:50.719 DEBUG [http-nio-8090-exec-1] c.r.d.s.c.service.CommonCodeService - 그룹별 상세 코드 조회 - groupCode: NEW_1762594009006
2025-11-08 18:26:57.245 INFO  [http-nio-8090-exec-4] c.r.d.s.c.c.CommonCodeController - GET /api/system/codes/groups/NEW_1762594009006/details - 그룹별 상세 코드 조회
2025-11-08 18:26:57.245 DEBUG [http-nio-8090-exec-4] c.r.d.s.c.service.CommonCodeService - 그룹별 상세 코드 조회 - groupCode: NEW_1762594009006
2025-11-08 18:26:57.537 INFO  [http-nio-8090-exec-6] c.r.d.s.c.c.CommonCodeController - GET /api/system/codes/groups/NEW_1762594009006/details - 그룹별 상세 코드 조회
2025-11-08 18:26:57.538 DEBUG [http-nio-8090-exec-6] c.r.d.s.c.service.CommonCodeService - 그룹별 상세 코드 조회 - groupCode: NEW_1762594009006
2025-11-08 18:27:31.431 INFO  [http-nio-8090-exec-7] c.r.d.s.c.c.CommonCodeController - POST /api/system/codes/groups - 코드 그룹 생성: FLFL_TYP_DVCD
2025-11-08 18:27:31.432 INFO  [http-nio-8090-exec-7] c.r.d.s.c.service.CommonCodeService - 코드 그룹 생성 - groupCode: FLFL_TYP_DVCD, user: admin
2025-11-08 18:27:31.472 INFO  [http-nio-8090-exec-10] c.r.d.s.c.c.CommonCodeController - GET /api/system/codes/groups - 모든 코드 그룹 조회
2025-11-08 18:27:31.472 DEBUG [http-nio-8090-exec-10] c.r.d.s.c.service.CommonCodeService - 모든 코드 그룹 조회
2025-11-08 18:27:34.355 INFO  [http-nio-8090-exec-5] c.r.d.s.c.c.CommonCodeController - GET /api/system/codes/groups/FLFL_TYP_DVCD/details - 그룹별 상세 코드 조회
2025-11-08 18:27:34.357 DEBUG [http-nio-8090-exec-5] c.r.d.s.c.service.CommonCodeService - 그룹별 상세 코드 조회 - groupCode: FLFL_TYP_DVCD
2025-11-08 18:28:10.504 INFO  [http-nio-8090-exec-2] c.r.d.s.c.c.CommonCodeController - GET /api/system/codes/groups/FLFL_TYP_DVCD/details - 그룹별 상세 코드 조회
2025-11-08 18:28:10.505 DEBUG [http-nio-8090-exec-2] c.r.d.s.c.service.CommonCodeService - 그룹별 상세 코드 조회 - groupCode: FLFL_TYP_DVCD
2025-11-08 18:28:30.321 INFO  [http-nio-8090-exec-1] c.r.d.s.c.c.CommonCodeController - POST /api/system/codes/details - 상세 코드 생성: FLFL_TYP_DVCD-02
2025-11-08 18:28:30.321 INFO  [http-nio-8090-exec-1] c.r.d.s.c.service.CommonCodeService - 상세 코드 생성 - groupCode: FLFL_TYP_DVCD, detailCode: 02, user: admin
2025-11-08 18:28:30.353 INFO  [http-nio-8090-exec-3] c.r.d.s.c.c.CommonCodeController - POST /api/system/codes/details - 상세 코드 생성: FLFL_TYP_DVCD-01
2025-11-08 18:28:30.353 INFO  [http-nio-8090-exec-3] c.r.d.s.c.service.CommonCodeService - 상세 코드 생성 - groupCode: FLFL_TYP_DVCD, detailCode: 01, user: admin
2025-11-08 18:28:30.381 INFO  [http-nio-8090-exec-4] c.r.d.s.c.c.CommonCodeController - GET /api/system/codes/groups/FLFL_TYP_DVCD/details - 그룹별 상세 코드 조회
2025-11-08 18:28:30.381 DEBUG [http-nio-8090-exec-4] c.r.d.s.c.service.CommonCodeService - 그룹별 상세 코드 조회 - groupCode: FLFL_TYP_DVCD
2025-11-08 18:31:10.510 INFO  [http-nio-8090-exec-10] c.r.d.auth.controller.AuthController - 로그인 API 호출: username=admin
2025-11-08 18:31:10.511 INFO  [http-nio-8090-exec-10] c.r.domain.auth.service.AuthService - 로그인 시도: username=admin
2025-11-08 18:31:10.518 DEBUG [http-nio-8090-exec-10] c.r.d.a.s.CustomUserDetailsService - 로그인 시도: username=admin
2025-11-08 18:31:10.533 DEBUG [http-nio-8090-exec-10] c.r.d.a.s.CustomUserDetailsService - 사용자 역할 조회 완료: username=admin, roles=[002, 103]
2025-11-08 18:31:10.959 INFO  [http-nio-8090-exec-10] c.r.domain.auth.service.AuthService - 로그인 성공: username=admin, userId=1
2025-11-08 18:31:10.973 INFO  [http-nio-8090-exec-10] c.r.d.auth.controller.AuthController - 로그인 성공: username=admin, sessionId=934a4012-3d70-49f9-af46-d345ea9bbf80
2025-11-08 18:31:11.051 INFO  [http-nio-8090-exec-5] c.r.d.s.c.c.CommonCodeController - GET /api/system/codes/groups/active/with-details - 활성화된 모든 코드 그룹 및 상세 조회
2025-11-08 18:31:11.051 DEBUG [http-nio-8090-exec-5] c.r.d.s.c.service.CommonCodeService - 활성화된 모든 코드 그룹 및 상세 조회
2025-11-08 18:31:11.056 INFO  [http-nio-8090-exec-2] c.r.d.o.c.OrganizationController - GET /api/organizations/active - 활성 조직 목록 조회
2025-11-08 18:31:11.060 DEBUG [http-nio-8090-exec-2] c.r.d.o.service.OrganizationService - 활성 조직 목록 조회
2025-11-08 18:31:11.062 DEBUG [http-nio-8090-exec-8] c.r.d.auth.controller.MenuController - 메뉴 계층 구조 조회 API 호출
2025-11-08 18:31:11.077 DEBUG [http-nio-8090-exec-8] c.r.domain.auth.service.MenuService - 메뉴 계층 구조 조회 시작
2025-11-08 18:31:11.086 DEBUG [http-nio-8090-exec-8] c.r.domain.auth.service.MenuService - 활성 메뉴 조회 완료: 31 개
2025-11-08 18:31:11.086 DEBUG [http-nio-8090-exec-8] c.r.domain.auth.service.MenuService - 메뉴 계층 구조 생성 완료: 최상위 메뉴 7 개
2025-11-08 18:31:13.479 INFO  [http-nio-8090-exec-1] c.r.d.s.c.c.CommonCodeController - GET /api/system/codes/groups - 모든 코드 그룹 조회
2025-11-08 18:31:13.480 DEBUG [http-nio-8090-exec-1] c.r.d.s.c.service.CommonCodeService - 모든 코드 그룹 조회
2025-11-08 18:31:13.518 INFO  [http-nio-8090-exec-3] c.r.d.s.c.c.CommonCodeController - GET /api/system/codes/groups - 모든 코드 그룹 조회
2025-11-08 18:31:13.519 DEBUG [http-nio-8090-exec-3] c.r.d.s.c.service.CommonCodeService - 모든 코드 그룹 조회
2025-11-08 18:31:13.685 INFO  [http-nio-8090-exec-4] c.r.d.s.c.c.CommonCodeController - GET /api/system/codes/groups/RSBT_RSOF_DVCD/details - 그룹별 상세 코드 조회
2025-11-08 18:31:13.686 DEBUG [http-nio-8090-exec-4] c.r.d.s.c.service.CommonCodeService - 그룹별 상세 코드 조회 - groupCode: RSBT_RSOF_DVCD
2025-11-08 18:31:16.844 INFO  [http-nio-8090-exec-6] c.r.d.s.c.c.CommonCodeController - GET /api/system/codes/groups/FLFL_TYP_DVCD/details - 그룹별 상세 코드 조회
2025-11-08 18:31:16.845 DEBUG [http-nio-8090-exec-6] c.r.d.s.c.service.CommonCodeService - 그룹별 상세 코드 조회 - groupCode: FLFL_TYP_DVCD
2025-11-08 18:31:20.049 INFO  [http-nio-8090-exec-9] c.r.d.s.c.c.CommonCodeController - GET /api/system/codes/groups/FLFL_TYP_DVCD/details - 그룹별 상세 코드 조회
2025-11-08 18:31:20.050 DEBUG [http-nio-8090-exec-9] c.r.d.s.c.service.CommonCodeService - 그룹별 상세 코드 조회 - groupCode: FLFL_TYP_DVCD
2025-11-08 18:36:11.294 DEBUG [http-nio-8090-exec-5] c.r.d.auth.controller.AuthController - 세션 확인 API 호출
2025-11-08 18:37:30.764 INFO  [http-nio-8090-exec-1] c.r.d.s.c.c.CommonCodeController - GET /api/system/codes/groups - 모든 코드 그룹 조회
2025-11-08 18:37:30.767 DEBUG [http-nio-8090-exec-1] c.r.d.s.c.service.CommonCodeService - 모든 코드 그룹 조회
2025-11-08 18:37:30.835 INFO  [http-nio-8090-exec-3] c.r.d.s.c.c.CommonCodeController - GET /api/system/codes/groups - 모든 코드 그룹 조회
2025-11-08 18:37:30.836 DEBUG [http-nio-8090-exec-3] c.r.d.s.c.service.CommonCodeService - 모든 코드 그룹 조회
2025-11-08 18:37:31.022 INFO  [http-nio-8090-exec-4] c.r.d.s.c.c.CommonCodeController - GET /api/system/codes/groups/RSBT_RSOF_DVCD/details - 그룹별 상세 코드 조회
2025-11-08 18:37:31.024 DEBUG [http-nio-8090-exec-4] c.r.d.s.c.service.CommonCodeService - 그룹별 상세 코드 조회 - groupCode: RSBT_RSOF_DVCD
2025-11-08 18:37:33.659 INFO  [http-nio-8090-exec-6] c.r.d.s.c.c.CommonCodeController - GET /api/system/codes/groups/FLFL_TYP_DVCD/details - 그룹별 상세 코드 조회
2025-11-08 18:37:33.660 DEBUG [http-nio-8090-exec-6] c.r.d.s.c.service.CommonCodeService - 그룹별 상세 코드 조회 - groupCode: FLFL_TYP_DVCD
2025-11-08 18:37:46.886 INFO  [http-nio-8090-exec-9] c.r.d.s.c.c.CommonCodeController - POST /api/system/codes/details - 상세 코드 생성: FLFL_TYP_DVCD-03
2025-11-08 18:37:46.887 INFO  [http-nio-8090-exec-9] c.r.d.s.c.service.CommonCodeService - 상세 코드 생성 - groupCode: FLFL_TYP_DVCD, detailCode: 03, user: admin
2025-11-08 18:37:46.934 INFO  [http-nio-8090-exec-7] c.r.d.s.c.c.CommonCodeController - GET /api/system/codes/groups/FLFL_TYP_DVCD/details - 그룹별 상세 코드 조회
2025-11-08 18:37:46.935 DEBUG [http-nio-8090-exec-7] c.r.d.s.c.service.CommonCodeService - 그룹별 상세 코드 조회 - groupCode: FLFL_TYP_DVCD
2025-11-08 18:41:11.319 DEBUG [http-nio-8090-exec-5] c.r.d.auth.controller.AuthController - 세션 확인 API 호출
2025-11-08 18:46:11.331 DEBUG [http-nio-8090-exec-1] c.r.d.auth.controller.AuthController - 세션 확인 API 호출
2025-11-08 18:51:11.306 DEBUG [http-nio-8090-exec-4] c.r.d.auth.controller.AuthController - 세션 확인 API 호출
2025-11-08 18:52:22.052 INFO  [http-nio-8090-exec-9] c.r.d.l.c.LedgerOrderController - GET /api/ledger-orders/combo - 콤보박스용 원장차수 조회 (PROG, CLSD만)
2025-11-08 18:52:22.053 DEBUG [http-nio-8090-exec-9] c.r.d.l.service.LedgerOrderService - 콤보박스용 원장차수 조회 (PROG, CLSD만)
2025-11-08 18:52:22.069 DEBUG [http-nio-8090-exec-9] c.r.d.l.service.LedgerOrderService - 활성 원장차수 조회 완료 - count: 1
2025-11-08 18:56:11.306 DEBUG [http-nio-8090-exec-10] c.r.d.auth.controller.AuthController - 세션 확인 API 호출
2025-11-08 18:58:03.672 INFO  [http-nio-8090-exec-5] c.r.d.l.c.LedgerOrderController - GET /api/ledger-orders/combo - 콤보박스용 원장차수 조회 (PROG, CLSD만)
2025-11-08 18:58:03.674 DEBUG [http-nio-8090-exec-5] c.r.d.l.service.LedgerOrderService - 콤보박스용 원장차수 조회 (PROG, CLSD만)
2025-11-08 18:58:03.689 DEBUG [http-nio-8090-exec-5] c.r.d.l.service.LedgerOrderService - 활성 원장차수 조회 완료 - count: 1
2025-11-08 19:11:24.389 INFO  [http-nio-8090-exec-6] c.r.d.auth.controller.AuthController - 로그인 API 호출: username=admin
2025-11-08 19:11:24.391 INFO  [http-nio-8090-exec-6] c.r.domain.auth.service.AuthService - 로그인 시도: username=admin
2025-11-08 19:11:24.405 DEBUG [http-nio-8090-exec-6] c.r.d.a.s.CustomUserDetailsService - 로그인 시도: username=admin
2025-11-08 19:11:24.426 DEBUG [http-nio-8090-exec-6] c.r.d.a.s.CustomUserDetailsService - 사용자 역할 조회 완료: username=admin, roles=[002, 103]
2025-11-08 19:11:25.047 INFO  [http-nio-8090-exec-6] c.r.domain.auth.service.AuthService - 로그인 성공: username=admin, userId=1
2025-11-08 19:11:25.073 INFO  [http-nio-8090-exec-6] c.r.d.auth.controller.AuthController - 로그인 성공: username=admin, sessionId=7634ef37-ad1f-46c3-9cc5-72b1a757ae3d
2025-11-08 19:11:25.148 INFO  [http-nio-8090-exec-9] c.r.d.s.c.c.CommonCodeController - GET /api/system/codes/groups/active/with-details - 활성화된 모든 코드 그룹 및 상세 조회
2025-11-08 19:11:25.149 DEBUG [http-nio-8090-exec-9] c.r.d.s.c.service.CommonCodeService - 활성화된 모든 코드 그룹 및 상세 조회
2025-11-08 19:11:25.169 DEBUG [http-nio-8090-exec-7] c.r.d.auth.controller.MenuController - 메뉴 계층 구조 조회 API 호출
2025-11-08 19:11:25.169 INFO  [http-nio-8090-exec-10] c.r.d.o.c.OrganizationController - GET /api/organizations/active - 활성 조직 목록 조회
2025-11-08 19:11:25.171 DEBUG [http-nio-8090-exec-7] c.r.domain.auth.service.MenuService - 메뉴 계층 구조 조회 시작
2025-11-08 19:11:25.207 DEBUG [http-nio-8090-exec-7] c.r.domain.auth.service.MenuService - 활성 메뉴 조회 완료: 31 개
2025-11-08 19:11:25.209 DEBUG [http-nio-8090-exec-7] c.r.domain.auth.service.MenuService - 메뉴 계층 구조 생성 완료: 최상위 메뉴 7 개
2025-11-08 19:11:25.211 DEBUG [http-nio-8090-exec-10] c.r.d.o.service.OrganizationService - 활성 조직 목록 조회
2025-11-08 19:16:24.873 DEBUG [http-nio-8090-exec-3] c.r.d.auth.controller.AuthController - 세션 확인 API 호출
2025-11-08 19:21:24.897 DEBUG [http-nio-8090-exec-6] c.r.d.auth.controller.AuthController - 세션 확인 API 호출
2025-11-08 19:26:24.851 DEBUG [http-nio-8090-exec-9] c.r.d.auth.controller.AuthController - 세션 확인 API 호출
2025-11-08 20:00:50.067 INFO  [http-nio-8090-exec-5] c.r.d.auth.controller.AuthController - 로그인 API 호출: username=admin
2025-11-08 20:00:50.069 INFO  [http-nio-8090-exec-5] c.r.domain.auth.service.AuthService - 로그인 시도: username=admin
2025-11-08 20:00:50.084 DEBUG [http-nio-8090-exec-5] c.r.d.a.s.CustomUserDetailsService - 로그인 시도: username=admin
2025-11-08 20:00:50.122 DEBUG [http-nio-8090-exec-5] c.r.d.a.s.CustomUserDetailsService - 사용자 역할 조회 완료: username=admin, roles=[002, 103]
2025-11-08 20:00:50.645 INFO  [http-nio-8090-exec-5] c.r.domain.auth.service.AuthService - 로그인 성공: username=admin, userId=1
2025-11-08 20:00:50.675 INFO  [http-nio-8090-exec-5] c.r.d.auth.controller.AuthController - 로그인 성공: username=admin, sessionId=72d4011d-0d91-4471-bb7f-d9ec0597387d
2025-11-08 20:00:50.780 INFO  [http-nio-8090-exec-8] c.r.d.s.c.c.CommonCodeController - GET /api/system/codes/groups/active/with-details - 활성화된 모든 코드 그룹 및 상세 조회
2025-11-08 20:00:50.781 INFO  [http-nio-8090-exec-1] c.r.d.o.c.OrganizationController - GET /api/organizations/active - 활성 조직 목록 조회
2025-11-08 20:00:50.782 DEBUG [http-nio-8090-exec-1] c.r.d.o.service.OrganizationService - 활성 조직 목록 조회
2025-11-08 20:00:50.782 DEBUG [http-nio-8090-exec-8] c.r.d.s.c.service.CommonCodeService - 활성화된 모든 코드 그룹 및 상세 조회
2025-11-08 20:00:50.784 DEBUG [http-nio-8090-exec-3] c.r.d.auth.controller.MenuController - 메뉴 계층 구조 조회 API 호출
2025-11-08 20:00:50.803 DEBUG [http-nio-8090-exec-3] c.r.domain.auth.service.MenuService - 메뉴 계층 구조 조회 시작
2025-11-08 20:00:50.812 DEBUG [http-nio-8090-exec-3] c.r.domain.auth.service.MenuService - 활성 메뉴 조회 완료: 31 개
2025-11-08 20:00:50.812 DEBUG [http-nio-8090-exec-3] c.r.domain.auth.service.MenuService - 메뉴 계층 구조 생성 완료: 최상위 메뉴 7 개
2025-11-08 20:00:53.978 INFO  [http-nio-8090-exec-4] c.r.d.l.c.LedgerOrderController - GET /api/ledger-orders/combo - 콤보박스용 원장차수 조회 (PROG, CLSD만)
2025-11-08 20:00:53.978 DEBUG [http-nio-8090-exec-4] c.r.d.l.service.LedgerOrderService - 콤보박스용 원장차수 조회 (PROG, CLSD만)
2025-11-08 20:00:53.981 DEBUG [http-nio-8090-exec-4] c.r.d.l.service.LedgerOrderService - 활성 원장차수 조회 완료 - count: 1
2025-11-08 20:05:51.084 DEBUG [http-nio-8090-exec-10] c.r.d.auth.controller.AuthController - 세션 확인 API 호출
2025-11-08 20:07:34.406 INFO  [http-nio-8090-exec-5] c.r.d.l.c.LedgerOrderController - GET /api/ledger-orders/combo - 콤보박스용 원장차수 조회 (PROG, CLSD만)
2025-11-08 20:07:34.408 DEBUG [http-nio-8090-exec-5] c.r.d.l.service.LedgerOrderService - 콤보박스용 원장차수 조회 (PROG, CLSD만)
2025-11-08 20:07:34.424 DEBUG [http-nio-8090-exec-5] c.r.d.l.service.LedgerOrderService - 활성 원장차수 조회 완료 - count: 1
2025-11-08 20:10:51.072 DEBUG [http-nio-8090-exec-8] c.r.d.auth.controller.AuthController - 세션 확인 API 호출
2025-11-08 20:14:15.344 INFO  [http-nio-8090-exec-4] c.r.d.l.c.LedgerOrderController - GET /api/ledger-orders/combo - 콤보박스용 원장차수 조회 (PROG, CLSD만)
2025-11-08 20:14:15.345 DEBUG [http-nio-8090-exec-4] c.r.d.l.service.LedgerOrderService - 콤보박스용 원장차수 조회 (PROG, CLSD만)
2025-11-08 20:14:15.348 DEBUG [http-nio-8090-exec-4] c.r.d.l.service.LedgerOrderService - 활성 원장차수 조회 완료 - count: 1
2025-11-08 20:14:38.592 DEBUG [http-nio-8090-exec-7] c.r.d.auth.controller.MenuController - 메뉴 계층 구조 조회 API 호출
2025-11-08 20:14:38.595 DEBUG [http-nio-8090-exec-7] c.r.domain.auth.service.MenuService - 메뉴 계층 구조 조회 시작
2025-11-08 20:14:38.599 DEBUG [http-nio-8090-exec-6] c.r.d.auth.controller.AuthController - 현재 사용자 정보 조회 API 호출
2025-11-08 20:14:38.603 DEBUG [http-nio-8090-exec-7] c.r.domain.auth.service.MenuService - 활성 메뉴 조회 완료: 31 개
2025-11-08 20:14:38.604 DEBUG [http-nio-8090-exec-7] c.r.domain.auth.service.MenuService - 메뉴 계층 구조 생성 완료: 최상위 메뉴 7 개
2025-11-08 20:14:38.631 DEBUG [http-nio-8090-exec-9] c.r.d.auth.controller.AuthController - 현재 사용자 정보 조회 API 호출
2025-11-08 20:14:38.641 DEBUG [http-nio-8090-exec-10] c.r.d.auth.controller.MenuController - 메뉴 계층 구조 조회 API 호출
2025-11-08 20:14:38.642 DEBUG [http-nio-8090-exec-10] c.r.domain.auth.service.MenuService - 메뉴 계층 구조 조회 시작
2025-11-08 20:14:38.657 DEBUG [http-nio-8090-exec-10] c.r.domain.auth.service.MenuService - 활성 메뉴 조회 완료: 31 개
2025-11-08 20:14:38.657 DEBUG [http-nio-8090-exec-10] c.r.domain.auth.service.MenuService - 메뉴 계층 구조 생성 완료: 최상위 메뉴 7 개
2025-11-08 20:14:39.560 INFO  [http-nio-8090-exec-2] c.r.d.l.c.LedgerOrderController - GET /api/ledger-orders/combo - 콤보박스용 원장차수 조회 (PROG, CLSD만)
2025-11-08 20:14:39.561 DEBUG [http-nio-8090-exec-2] c.r.d.l.service.LedgerOrderService - 콤보박스용 원장차수 조회 (PROG, CLSD만)
2025-11-08 20:14:39.565 DEBUG [http-nio-8090-exec-2] c.r.d.l.service.LedgerOrderService - 활성 원장차수 조회 완료 - count: 1
2025-11-08 20:18:14.572 DEBUG [http-nio-8090-exec-3] c.r.d.auth.controller.MenuController - 메뉴 계층 구조 조회 API 호출
2025-11-08 20:18:14.573 DEBUG [http-nio-8090-exec-3] c.r.domain.auth.service.MenuService - 메뉴 계층 구조 조회 시작
2025-11-08 20:18:14.573 DEBUG [http-nio-8090-exec-4] c.r.d.auth.controller.AuthController - 현재 사용자 정보 조회 API 호출
2025-11-08 20:18:14.578 DEBUG [http-nio-8090-exec-3] c.r.domain.auth.service.MenuService - 활성 메뉴 조회 완료: 31 개
2025-11-08 20:18:14.578 DEBUG [http-nio-8090-exec-3] c.r.domain.auth.service.MenuService - 메뉴 계층 구조 생성 완료: 최상위 메뉴 7 개
2025-11-08 20:18:14.599 DEBUG [http-nio-8090-exec-7] c.r.d.auth.controller.AuthController - 현재 사용자 정보 조회 API 호출
2025-11-08 20:18:14.599 DEBUG [http-nio-8090-exec-6] c.r.d.auth.controller.MenuController - 메뉴 계층 구조 조회 API 호출
2025-11-08 20:18:14.600 DEBUG [http-nio-8090-exec-6] c.r.domain.auth.service.MenuService - 메뉴 계층 구조 조회 시작
2025-11-08 20:18:14.606 DEBUG [http-nio-8090-exec-6] c.r.domain.auth.service.MenuService - 활성 메뉴 조회 완료: 31 개
2025-11-08 20:18:14.606 DEBUG [http-nio-8090-exec-6] c.r.domain.auth.service.MenuService - 메뉴 계층 구조 생성 완료: 최상위 메뉴 7 개
2025-11-08 20:18:15.337 INFO  [http-nio-8090-exec-9] c.r.d.l.c.LedgerOrderController - GET /api/ledger-orders/combo - 콤보박스용 원장차수 조회 (PROG, CLSD만)
2025-11-08 20:18:15.337 DEBUG [http-nio-8090-exec-9] c.r.d.l.service.LedgerOrderService - 콤보박스용 원장차수 조회 (PROG, CLSD만)
2025-11-08 20:18:15.340 DEBUG [http-nio-8090-exec-9] c.r.d.l.service.LedgerOrderService - 활성 원장차수 조회 완료 - count: 1
2025-11-08 20:23:14.510 DEBUG [http-nio-8090-exec-1] c.r.d.auth.controller.AuthController - 세션 확인 API 호출
2025-11-08 20:25:57.567 INFO  [http-nio-8090-exec-3] c.r.d.l.c.LedgerOrderController - GET /api/ledger-orders/combo - 콤보박스용 원장차수 조회 (PROG, CLSD만)
2025-11-08 20:25:57.567 DEBUG [http-nio-8090-exec-3] c.r.d.l.service.LedgerOrderService - 콤보박스용 원장차수 조회 (PROG, CLSD만)
2025-11-08 20:25:57.580 DEBUG [http-nio-8090-exec-3] c.r.d.l.service.LedgerOrderService - 활성 원장차수 조회 완료 - count: 1
2025-11-08 20:28:14.497 DEBUG [http-nio-8090-exec-6] c.r.d.auth.controller.AuthController - 세션 확인 API 호출
2025-11-08 20:33:18.637 INFO  [http-nio-8090-exec-8] c.r.d.auth.controller.AuthController - 로그인 API 호출: username=admin
2025-11-08 20:33:18.638 INFO  [http-nio-8090-exec-8] c.r.domain.auth.service.AuthService - 로그인 시도: username=admin
2025-11-08 20:33:18.644 DEBUG [http-nio-8090-exec-8] c.r.d.a.s.CustomUserDetailsService - 로그인 시도: username=admin
2025-11-08 20:33:18.656 DEBUG [http-nio-8090-exec-8] c.r.d.a.s.CustomUserDetailsService - 사용자 역할 조회 완료: username=admin, roles=[002, 103]
2025-11-08 20:33:19.070 INFO  [http-nio-8090-exec-8] c.r.domain.auth.service.AuthService - 로그인 성공: username=admin, userId=1
2025-11-08 20:33:19.081 INFO  [http-nio-8090-exec-8] c.r.d.auth.controller.AuthController - 로그인 성공: username=admin, sessionId=fc491a88-1dbe-4100-a01f-87f12d48ea7d
2025-11-08 20:33:19.133 INFO  [http-nio-8090-exec-5] c.r.d.s.c.c.CommonCodeController - GET /api/system/codes/groups/active/with-details - 활성화된 모든 코드 그룹 및 상세 조회
2025-11-08 20:33:19.133 DEBUG [http-nio-8090-exec-5] c.r.d.s.c.service.CommonCodeService - 활성화된 모든 코드 그룹 및 상세 조회
2025-11-08 20:33:19.134 INFO  [http-nio-8090-exec-1] c.r.d.o.c.OrganizationController - GET /api/organizations/active - 활성 조직 목록 조회
2025-11-08 20:33:19.135 DEBUG [http-nio-8090-exec-1] c.r.d.o.service.OrganizationService - 활성 조직 목록 조회
2025-11-08 20:33:19.149 DEBUG [http-nio-8090-exec-4] c.r.d.auth.controller.MenuController - 메뉴 계층 구조 조회 API 호출
2025-11-08 20:33:19.149 DEBUG [http-nio-8090-exec-4] c.r.domain.auth.service.MenuService - 메뉴 계층 구조 조회 시작
2025-11-08 20:33:19.156 DEBUG [http-nio-8090-exec-4] c.r.domain.auth.service.MenuService - 활성 메뉴 조회 완료: 31 개
2025-11-08 20:33:19.156 DEBUG [http-nio-8090-exec-4] c.r.domain.auth.service.MenuService - 메뉴 계층 구조 생성 완료: 최상위 메뉴 7 개
2025-11-08 20:33:28.183 INFO  [http-nio-8090-exec-3] c.r.d.l.c.LedgerOrderController - GET /api/ledger-orders/combo - 콤보박스용 원장차수 조회 (PROG, CLSD만)
2025-11-08 20:33:28.183 DEBUG [http-nio-8090-exec-3] c.r.d.l.service.LedgerOrderService - 콤보박스용 원장차수 조회 (PROG, CLSD만)
2025-11-08 20:33:28.185 DEBUG [http-nio-8090-exec-3] c.r.d.l.service.LedgerOrderService - 활성 원장차수 조회 완료 - count: 1
2025-11-08 20:38:19.851 DEBUG [http-nio-8090-exec-10] c.r.d.auth.controller.AuthController - 세션 확인 API 호출
2025-11-08 20:39:21.263 INFO  [http-nio-8090-exec-1] c.r.d.l.c.LedgerOrderController - GET /api/ledger-orders/combo - 콤보박스용 원장차수 조회 (PROG, CLSD만)
2025-11-08 20:39:21.263 DEBUG [http-nio-8090-exec-1] c.r.d.l.service.LedgerOrderService - 콤보박스용 원장차수 조회 (PROG, CLSD만)
2025-11-08 20:39:21.272 DEBUG [http-nio-8090-exec-1] c.r.d.l.service.LedgerOrderService - 활성 원장차수 조회 완료 - count: 1
2025-11-08 20:43:19.276 DEBUG [http-nio-8090-exec-4] c.r.d.auth.controller.AuthController - 세션 확인 API 호출
2025-11-08 20:48:19.272 DEBUG [http-nio-8090-exec-6] c.r.d.auth.controller.AuthController - 세션 확인 API 호출
2025-11-08 20:53:19.854 DEBUG [http-nio-8090-exec-9] c.r.d.auth.controller.AuthController - 세션 확인 API 호출
2025-11-08 20:56:25.597 DEBUG [http-nio-8090-exec-10] c.r.d.auth.controller.MenuController - 메뉴 계층 구조 조회 API 호출
2025-11-08 20:56:25.598 DEBUG [http-nio-8090-exec-10] c.r.domain.auth.service.MenuService - 메뉴 계층 구조 조회 시작
2025-11-08 20:56:25.602 DEBUG [http-nio-8090-exec-8] c.r.d.auth.controller.AuthController - 현재 사용자 정보 조회 API 호출
2025-11-08 20:56:25.611 DEBUG [http-nio-8090-exec-10] c.r.domain.auth.service.MenuService - 활성 메뉴 조회 완료: 31 개
2025-11-08 20:56:25.611 DEBUG [http-nio-8090-exec-10] c.r.domain.auth.service.MenuService - 메뉴 계층 구조 생성 완료: 최상위 메뉴 7 개
2025-11-08 20:56:25.637 DEBUG [http-nio-8090-exec-1] c.r.d.auth.controller.AuthController - 현재 사용자 정보 조회 API 호출
2025-11-08 20:56:25.639 DEBUG [http-nio-8090-exec-5] c.r.d.auth.controller.MenuController - 메뉴 계층 구조 조회 API 호출
2025-11-08 20:56:25.640 DEBUG [http-nio-8090-exec-5] c.r.domain.auth.service.MenuService - 메뉴 계층 구조 조회 시작
2025-11-08 20:56:25.644 DEBUG [http-nio-8090-exec-5] c.r.domain.auth.service.MenuService - 활성 메뉴 조회 완료: 31 개
2025-11-08 20:56:25.644 DEBUG [http-nio-8090-exec-5] c.r.domain.auth.service.MenuService - 메뉴 계층 구조 생성 완료: 최상위 메뉴 7 개
2025-11-08 20:56:26.849 INFO  [http-nio-8090-exec-4] c.r.d.l.c.LedgerOrderController - GET /api/ledger-orders/combo - 콤보박스용 원장차수 조회 (PROG, CLSD만)
2025-11-08 20:56:26.850 DEBUG [http-nio-8090-exec-4] c.r.d.l.service.LedgerOrderService - 콤보박스용 원장차수 조회 (PROG, CLSD만)
2025-11-08 20:56:26.854 DEBUG [http-nio-8090-exec-4] c.r.d.l.service.LedgerOrderService - 활성 원장차수 조회 완료 - count: 1
2025-11-08 20:59:07.777 DEBUG [http-nio-8090-exec-9] c.r.d.auth.controller.MenuController - 메뉴 계층 구조 조회 API 호출
2025-11-08 20:59:07.779 DEBUG [http-nio-8090-exec-9] c.r.domain.auth.service.MenuService - 메뉴 계층 구조 조회 시작
2025-11-08 20:59:07.786 DEBUG [http-nio-8090-exec-9] c.r.domain.auth.service.MenuService - 활성 메뉴 조회 완료: 31 개
2025-11-08 20:59:07.787 DEBUG [http-nio-8090-exec-9] c.r.domain.auth.service.MenuService - 메뉴 계층 구조 생성 완료: 최상위 메뉴 7 개
2025-11-08 20:59:07.808 DEBUG [http-nio-8090-exec-2] c.r.d.auth.controller.AuthController - 현재 사용자 정보 조회 API 호출
2025-11-08 20:59:07.830 DEBUG [http-nio-8090-exec-8] c.r.d.auth.controller.AuthController - 현재 사용자 정보 조회 API 호출
2025-11-08 20:59:07.864 DEBUG [http-nio-8090-exec-10] c.r.d.auth.controller.MenuController - 메뉴 계층 구조 조회 API 호출
2025-11-08 20:59:07.865 DEBUG [http-nio-8090-exec-10] c.r.domain.auth.service.MenuService - 메뉴 계층 구조 조회 시작
2025-11-08 20:59:07.884 DEBUG [http-nio-8090-exec-10] c.r.domain.auth.service.MenuService - 활성 메뉴 조회 완료: 31 개
2025-11-08 20:59:07.885 DEBUG [http-nio-8090-exec-10] c.r.domain.auth.service.MenuService - 메뉴 계층 구조 생성 완료: 최상위 메뉴 7 개
2025-11-08 20:59:08.785 INFO  [http-nio-8090-exec-1] c.r.d.l.c.LedgerOrderController - GET /api/ledger-orders/combo - 콤보박스용 원장차수 조회 (PROG, CLSD만)
2025-11-08 20:59:08.785 DEBUG [http-nio-8090-exec-1] c.r.d.l.service.LedgerOrderService - 콤보박스용 원장차수 조회 (PROG, CLSD만)
2025-11-08 20:59:08.789 DEBUG [http-nio-8090-exec-1] c.r.d.l.service.LedgerOrderService - 활성 원장차수 조회 완료 - count: 1
2025-11-08 21:01:58.081 DEBUG [http-nio-8090-exec-6] c.r.d.auth.controller.MenuController - 메뉴 계층 구조 조회 API 호출
2025-11-08 21:01:58.082 DEBUG [http-nio-8090-exec-6] c.r.domain.auth.service.MenuService - 메뉴 계층 구조 조회 시작
2025-11-08 21:01:58.086 DEBUG [http-nio-8090-exec-7] c.r.d.auth.controller.AuthController - 현재 사용자 정보 조회 API 호출
2025-11-08 21:01:58.093 DEBUG [http-nio-8090-exec-6] c.r.domain.auth.service.MenuService - 활성 메뉴 조회 완료: 31 개
2025-11-08 21:01:58.098 DEBUG [http-nio-8090-exec-6] c.r.domain.auth.service.MenuService - 메뉴 계층 구조 생성 완료: 최상위 메뉴 7 개
2025-11-08 21:01:58.151 DEBUG [http-nio-8090-exec-9] c.r.d.auth.controller.MenuController - 메뉴 계층 구조 조회 API 호출
2025-11-08 21:01:58.158 DEBUG [http-nio-8090-exec-2] c.r.d.auth.controller.AuthController - 현재 사용자 정보 조회 API 호출
2025-11-08 21:01:58.153 DEBUG [http-nio-8090-exec-9] c.r.domain.auth.service.MenuService - 메뉴 계층 구조 조회 시작
2025-11-08 21:01:58.173 DEBUG [http-nio-8090-exec-9] c.r.domain.auth.service.MenuService - 활성 메뉴 조회 완료: 31 개
2025-11-08 21:01:58.174 DEBUG [http-nio-8090-exec-9] c.r.domain.auth.service.MenuService - 메뉴 계층 구조 생성 완료: 최상위 메뉴 7 개
2025-11-08 21:01:59.215 INFO  [http-nio-8090-exec-8] c.r.d.l.c.LedgerOrderController - GET /api/ledger-orders/combo - 콤보박스용 원장차수 조회 (PROG, CLSD만)
2025-11-08 21:01:59.216 DEBUG [http-nio-8090-exec-8] c.r.d.l.service.LedgerOrderService - 콤보박스용 원장차수 조회 (PROG, CLSD만)
2025-11-08 21:01:59.222 DEBUG [http-nio-8090-exec-8] c.r.d.l.service.LedgerOrderService - 활성 원장차수 조회 완료 - count: 1
2025-11-08 21:03:01.392 DEBUG [http-nio-8090-exec-4] c.r.d.auth.controller.MenuController - 메뉴 계층 구조 조회 API 호출
2025-11-08 21:03:01.393 DEBUG [http-nio-8090-exec-4] c.r.domain.auth.service.MenuService - 메뉴 계층 구조 조회 시작
2025-11-08 21:03:01.395 DEBUG [http-nio-8090-exec-3] c.r.d.auth.controller.AuthController - 현재 사용자 정보 조회 API 호출
2025-11-08 21:03:01.402 DEBUG [http-nio-8090-exec-4] c.r.domain.auth.service.MenuService - 활성 메뉴 조회 완료: 31 개
2025-11-08 21:03:01.402 DEBUG [http-nio-8090-exec-4] c.r.domain.auth.service.MenuService - 메뉴 계층 구조 생성 완료: 최상위 메뉴 7 개
2025-11-08 21:03:01.433 DEBUG [http-nio-8090-exec-7] c.r.d.auth.controller.AuthController - 현재 사용자 정보 조회 API 호출
2025-11-08 21:03:01.439 DEBUG [http-nio-8090-exec-6] c.r.d.auth.controller.MenuController - 메뉴 계층 구조 조회 API 호출
2025-11-08 21:03:01.439 DEBUG [http-nio-8090-exec-6] c.r.domain.auth.service.MenuService - 메뉴 계층 구조 조회 시작
2025-11-08 21:03:01.445 DEBUG [http-nio-8090-exec-6] c.r.domain.auth.service.MenuService - 활성 메뉴 조회 완료: 31 개
2025-11-08 21:03:01.446 DEBUG [http-nio-8090-exec-6] c.r.domain.auth.service.MenuService - 메뉴 계층 구조 생성 완료: 최상위 메뉴 7 개
2025-11-08 21:03:02.270 INFO  [http-nio-8090-exec-2] c.r.d.l.c.LedgerOrderController - GET /api/ledger-orders/combo - 콤보박스용 원장차수 조회 (PROG, CLSD만)
2025-11-08 21:03:02.270 DEBUG [http-nio-8090-exec-2] c.r.d.l.service.LedgerOrderService - 콤보박스용 원장차수 조회 (PROG, CLSD만)
2025-11-08 21:03:02.273 DEBUG [http-nio-8090-exec-2] c.r.d.l.service.LedgerOrderService - 활성 원장차수 조회 완료 - count: 1
2025-11-08 21:09:11.688 INFO  [http-nio-8090-exec-3] c.r.d.auth.controller.AuthController - 로그인 API 호출: username=admin
2025-11-08 21:09:11.689 INFO  [http-nio-8090-exec-3] c.r.domain.auth.service.AuthService - 로그인 시도: username=admin
2025-11-08 21:09:11.694 DEBUG [http-nio-8090-exec-3] c.r.d.a.s.CustomUserDetailsService - 로그인 시도: username=admin
2025-11-08 21:09:11.708 DEBUG [http-nio-8090-exec-3] c.r.d.a.s.CustomUserDetailsService - 사용자 역할 조회 완료: username=admin, roles=[002, 103]
2025-11-08 21:09:12.092 INFO  [http-nio-8090-exec-3] c.r.domain.auth.service.AuthService - 로그인 성공: username=admin, userId=1
2025-11-08 21:09:12.114 INFO  [http-nio-8090-exec-3] c.r.d.auth.controller.AuthController - 로그인 성공: username=admin, sessionId=92bfc68f-b22b-40e7-96eb-4d38645832bf
2025-11-08 21:09:12.175 INFO  [http-nio-8090-exec-4] c.r.d.s.c.c.CommonCodeController - GET /api/system/codes/groups/active/with-details - 활성화된 모든 코드 그룹 및 상세 조회
2025-11-08 21:09:12.176 DEBUG [http-nio-8090-exec-4] c.r.d.s.c.service.CommonCodeService - 활성화된 모든 코드 그룹 및 상세 조회
2025-11-08 21:09:12.177 INFO  [http-nio-8090-exec-7] c.r.d.o.c.OrganizationController - GET /api/organizations/active - 활성 조직 목록 조회
2025-11-08 21:09:12.178 DEBUG [http-nio-8090-exec-7] c.r.d.o.service.OrganizationService - 활성 조직 목록 조회
2025-11-08 21:09:12.178 DEBUG [http-nio-8090-exec-6] c.r.d.auth.controller.MenuController - 메뉴 계층 구조 조회 API 호출
2025-11-08 21:09:12.193 DEBUG [http-nio-8090-exec-6] c.r.domain.auth.service.MenuService - 메뉴 계층 구조 조회 시작
2025-11-08 21:09:12.199 DEBUG [http-nio-8090-exec-6] c.r.domain.auth.service.MenuService - 활성 메뉴 조회 완료: 31 개
2025-11-08 21:09:12.200 DEBUG [http-nio-8090-exec-6] c.r.domain.auth.service.MenuService - 메뉴 계층 구조 생성 완료: 최상위 메뉴 7 개
2025-11-08 21:09:17.114 INFO  [http-nio-8090-exec-2] c.r.d.l.c.LedgerOrderController - GET /api/ledger-orders/combo - 콤보박스용 원장차수 조회 (PROG, CLSD만)
2025-11-08 21:09:17.115 DEBUG [http-nio-8090-exec-2] c.r.d.l.service.LedgerOrderService - 콤보박스용 원장차수 조회 (PROG, CLSD만)
2025-11-08 21:09:17.119 DEBUG [http-nio-8090-exec-2] c.r.d.l.service.LedgerOrderService - 활성 원장차수 조회 완료 - count: 1
2025-11-08 21:14:12.488 DEBUG [http-nio-8090-exec-1] c.r.d.auth.controller.AuthController - 세션 확인 API 호출
2025-11-08 21:19:12.850 DEBUG [http-nio-8090-exec-3] c.r.d.auth.controller.AuthController - 세션 확인 API 호출
2025-11-08 21:22:28.211 DEBUG [http-nio-8090-exec-4] c.r.d.auth.controller.AuthController - 현재 사용자 정보 조회 API 호출
2025-11-08 21:22:28.213 DEBUG [http-nio-8090-exec-7] c.r.d.auth.controller.MenuController - 메뉴 계층 구조 조회 API 호출
2025-11-08 21:22:28.214 DEBUG [http-nio-8090-exec-7] c.r.domain.auth.service.MenuService - 메뉴 계층 구조 조회 시작
2025-11-08 21:22:28.232 DEBUG [http-nio-8090-exec-7] c.r.domain.auth.service.MenuService - 활성 메뉴 조회 완료: 31 개
2025-11-08 21:22:28.233 DEBUG [http-nio-8090-exec-7] c.r.domain.auth.service.MenuService - 메뉴 계층 구조 생성 완료: 최상위 메뉴 7 개
2025-11-08 21:22:28.266 DEBUG [http-nio-8090-exec-2] c.r.d.auth.controller.AuthController - 현재 사용자 정보 조회 API 호출
2025-11-08 21:22:28.271 DEBUG [http-nio-8090-exec-9] c.r.d.auth.controller.MenuController - 메뉴 계층 구조 조회 API 호출
2025-11-08 21:22:28.272 DEBUG [http-nio-8090-exec-9] c.r.domain.auth.service.MenuService - 메뉴 계층 구조 조회 시작
2025-11-08 21:22:28.280 DEBUG [http-nio-8090-exec-9] c.r.domain.auth.service.MenuService - 활성 메뉴 조회 완료: 31 개
2025-11-08 21:22:28.280 DEBUG [http-nio-8090-exec-9] c.r.domain.auth.service.MenuService - 메뉴 계층 구조 생성 완료: 최상위 메뉴 7 개
2025-11-08 21:22:29.633 INFO  [http-nio-8090-exec-8] c.r.d.l.c.LedgerOrderController - GET /api/ledger-orders/combo - 콤보박스용 원장차수 조회 (PROG, CLSD만)
2025-11-08 21:22:29.634 DEBUG [http-nio-8090-exec-8] c.r.d.l.service.LedgerOrderService - 콤보박스용 원장차수 조회 (PROG, CLSD만)
2025-11-08 21:22:29.638 DEBUG [http-nio-8090-exec-8] c.r.d.l.service.LedgerOrderService - 활성 원장차수 조회 완료 - count: 1
2025-11-08 21:27:28.062 DEBUG [http-nio-8090-exec-6] c.r.d.auth.controller.AuthController - 세션 확인 API 호출
2025-11-08 21:32:28.062 DEBUG [http-nio-8090-exec-4] c.r.d.auth.controller.AuthController - 세션 확인 API 호출
2025-11-08 21:37:28.890 DEBUG [http-nio-8090-exec-9] c.r.d.auth.controller.AuthController - 세션 확인 API 호출
2025-11-08 21:38:01.672 INFO  [http-nio-8090-exec-8] c.r.d.l.c.LedgerOrderController - GET /api/ledger-orders/combo - 콤보박스용 원장차수 조회 (PROG, CLSD만)
2025-11-08 21:38:01.672 DEBUG [http-nio-8090-exec-8] c.r.d.l.service.LedgerOrderService - 콤보박스용 원장차수 조회 (PROG, CLSD만)
2025-11-08 21:38:01.678 DEBUG [http-nio-8090-exec-8] c.r.d.l.service.LedgerOrderService - 활성 원장차수 조회 완료 - count: 1
2025-11-08 21:42:14.985 INFO  [http-nio-8090-exec-6] c.r.d.auth.controller.AuthController - 로그인 API 호출: username=admin
2025-11-08 21:42:14.987 INFO  [http-nio-8090-exec-6] c.r.domain.auth.service.AuthService - 로그인 시도: username=admin
2025-11-08 21:42:14.994 DEBUG [http-nio-8090-exec-6] c.r.d.a.s.CustomUserDetailsService - 로그인 시도: username=admin
2025-11-08 21:42:15.013 DEBUG [http-nio-8090-exec-6] c.r.d.a.s.CustomUserDetailsService - 사용자 역할 조회 완료: username=admin, roles=[002, 103]
2025-11-08 21:42:15.570 INFO  [http-nio-8090-exec-6] c.r.domain.auth.service.AuthService - 로그인 성공: username=admin, userId=1
2025-11-08 21:42:15.597 INFO  [http-nio-8090-exec-6] c.r.d.auth.controller.AuthController - 로그인 성공: username=admin, sessionId=f89cfe23-ee59-42c9-bc8d-d9be8afa59e0
2025-11-08 21:42:15.681 INFO  [http-nio-8090-exec-7] c.r.d.s.c.c.CommonCodeController - GET /api/system/codes/groups/active/with-details - 활성화된 모든 코드 그룹 및 상세 조회
2025-11-08 21:42:15.683 DEBUG [http-nio-8090-exec-7] c.r.d.s.c.service.CommonCodeService - 활성화된 모든 코드 그룹 및 상세 조회
2025-11-08 21:42:15.688 INFO  [http-nio-8090-exec-4] c.r.d.o.c.OrganizationController - GET /api/organizations/active - 활성 조직 목록 조회
2025-11-08 21:42:15.689 DEBUG [http-nio-8090-exec-4] c.r.d.o.service.OrganizationService - 활성 조직 목록 조회
2025-11-08 21:42:15.692 DEBUG [http-nio-8090-exec-2] c.r.d.auth.controller.MenuController - 메뉴 계층 구조 조회 API 호출
2025-11-08 21:42:15.714 DEBUG [http-nio-8090-exec-2] c.r.domain.auth.service.MenuService - 메뉴 계층 구조 조회 시작
2025-11-08 21:42:15.722 DEBUG [http-nio-8090-exec-2] c.r.domain.auth.service.MenuService - 활성 메뉴 조회 완료: 31 개
2025-11-08 21:42:15.723 DEBUG [http-nio-8090-exec-2] c.r.domain.auth.service.MenuService - 메뉴 계층 구조 생성 완료: 최상위 메뉴 7 개
2025-11-08 21:42:20.722 INFO  [http-nio-8090-exec-9] c.r.d.l.c.LedgerOrderController - GET /api/ledger-orders/combo - 콤보박스용 원장차수 조회 (PROG, CLSD만)
2025-11-08 21:42:20.723 DEBUG [http-nio-8090-exec-9] c.r.d.l.service.LedgerOrderService - 콤보박스용 원장차수 조회 (PROG, CLSD만)
2025-11-08 21:42:20.727 DEBUG [http-nio-8090-exec-9] c.r.d.l.service.LedgerOrderService - 활성 원장차수 조회 완료 - count: 1
2025-11-08 21:45:18.064 DEBUG [http-nio-8090-exec-3] c.r.d.auth.controller.MenuController - 메뉴 계층 구조 조회 API 호출
2025-11-08 21:45:18.064 DEBUG [http-nio-8090-exec-6] c.r.d.auth.controller.AuthController - 현재 사용자 정보 조회 API 호출
2025-11-08 21:45:18.066 DEBUG [http-nio-8090-exec-3] c.r.domain.auth.service.MenuService - 메뉴 계층 구조 조회 시작
2025-11-08 21:45:18.072 DEBUG [http-nio-8090-exec-4] c.r.d.auth.controller.MenuController - 메뉴 계층 구조 조회 API 호출
2025-11-08 21:45:18.076 DEBUG [http-nio-8090-exec-4] c.r.domain.auth.service.MenuService - 메뉴 계층 구조 조회 시작
2025-11-08 21:45:18.077 DEBUG [http-nio-8090-exec-3] c.r.domain.auth.service.MenuService - 활성 메뉴 조회 완료: 31 개
2025-11-08 21:45:18.078 DEBUG [http-nio-8090-exec-3] c.r.domain.auth.service.MenuService - 메뉴 계층 구조 생성 완료: 최상위 메뉴 7 개
2025-11-08 21:45:18.078 DEBUG [http-nio-8090-exec-7] c.r.d.auth.controller.AuthController - 현재 사용자 정보 조회 API 호출
2025-11-08 21:45:18.092 DEBUG [http-nio-8090-exec-4] c.r.domain.auth.service.MenuService - 활성 메뉴 조회 완료: 31 개
2025-11-08 21:45:18.092 DEBUG [http-nio-8090-exec-4] c.r.domain.auth.service.MenuService - 메뉴 계층 구조 생성 완료: 최상위 메뉴 7 개
2025-11-08 21:45:20.430 INFO  [http-nio-8090-exec-2] c.r.d.l.c.LedgerOrderController - GET /api/ledger-orders/combo - 콤보박스용 원장차수 조회 (PROG, CLSD만)
2025-11-08 21:45:20.431 DEBUG [http-nio-8090-exec-2] c.r.d.l.service.LedgerOrderService - 콤보박스용 원장차수 조회 (PROG, CLSD만)
2025-11-08 21:45:20.440 DEBUG [http-nio-8090-exec-2] c.r.d.l.service.LedgerOrderService - 활성 원장차수 조회 완료 - count: 1
2025-11-08 21:46:01.578 INFO  [http-nio-8090-exec-9] c.r.d.s.c.c.CommonCodeController - GET /api/system/codes/groups - 모든 코드 그룹 조회
2025-11-08 21:46:01.578 DEBUG [http-nio-8090-exec-9] c.r.d.s.c.service.CommonCodeService - 모든 코드 그룹 조회
2025-11-08 21:46:01.608 INFO  [http-nio-8090-exec-8] c.r.d.s.c.c.CommonCodeController - GET /api/system/codes/groups - 모든 코드 그룹 조회
2025-11-08 21:46:01.609 DEBUG [http-nio-8090-exec-8] c.r.d.s.c.service.CommonCodeService - 모든 코드 그룹 조회
2025-11-08 21:46:01.767 INFO  [http-nio-8090-exec-1] c.r.d.s.c.c.CommonCodeController - GET /api/system/codes/groups/RSBT_RSOF_DVCD/details - 그룹별 상세 코드 조회
2025-11-08 21:46:01.767 DEBUG [http-nio-8090-exec-1] c.r.d.s.c.service.CommonCodeService - 그룹별 상세 코드 조회 - groupCode: RSBT_RSOF_DVCD
2025-11-08 21:46:08.324 INFO  [http-nio-8090-exec-10] c.r.d.r.c.RespStatementController - [RespStatementController] 책무기술서 목록 조회 - page: 0, size: 20
2025-11-08 21:46:08.325 INFO  [http-nio-8090-exec-10] c.r.d.r.service.RespStatementService - [RespStatementService] 책무기술서 목록 조회 - page: 0, size: 20
2025-11-08 21:46:08.339 INFO  [http-nio-8090-exec-10] c.r.d.r.c.RespStatementController - [RespStatementController] 책무기술서 목록 조회 완료 - 총 2건
2025-11-08 21:46:08.357 INFO  [http-nio-8090-exec-5] c.r.d.r.c.RespStatementController - [RespStatementController] 책무기술서 목록 조회 - page: 0, size: 20
2025-11-08 21:46:08.358 INFO  [http-nio-8090-exec-5] c.r.d.r.service.RespStatementService - [RespStatementService] 책무기술서 목록 조회 - page: 0, size: 20
2025-11-08 21:46:08.367 INFO  [http-nio-8090-exec-5] c.r.d.r.c.RespStatementController - [RespStatementController] 책무기술서 목록 조회 완료 - 총 2건
2025-11-08 21:46:15.197 INFO  [http-nio-8090-exec-6] c.r.d.p.c.PositionController - GET /api/positions/search - keyword: null, hqCode: null, isActive: Y, ledgerOrderId: null
2025-11-08 21:46:15.200 DEBUG [http-nio-8090-exec-6] c.r.d.p.service.PositionService - 직책 검색 - keyword: null, hqCode: null, isActive: Y, ledgerOrderId: null
2025-11-08 21:46:19.959 INFO  [http-nio-8090-exec-2] c.r.i.a.employee.EmployeeController - 직원 검색 API 호출: com.rsms.domain.employee.dto.EmployeeSearchRequest@13da41c0
2025-11-08 21:46:19.960 DEBUG [http-nio-8090-exec-2] c.r.d.e.service.EmployeeService - 직원 검색 시작: com.rsms.domain.employee.dto.EmployeeSearchRequest@13da41c0
2025-11-08 21:46:20.077 DEBUG [http-nio-8090-exec-2] c.r.d.e.service.EmployeeService - 직원 검색 완료: 4 건
2025-11-08 21:46:20.084 INFO  [http-nio-8090-exec-2] c.r.i.a.employee.EmployeeController - 직원 검색 완료: 4 건
2025-11-08 21:50:14.517 DEBUG [http-nio-8090-exec-10] c.r.d.auth.controller.MenuController - 메뉴 계층 구조 조회 API 호출
2025-11-08 21:50:14.518 DEBUG [http-nio-8090-exec-10] c.r.domain.auth.service.MenuService - 메뉴 계층 구조 조회 시작
2025-11-08 21:50:14.520 DEBUG [http-nio-8090-exec-5] c.r.d.auth.controller.AuthController - 현재 사용자 정보 조회 API 호출
2025-11-08 21:50:14.524 DEBUG [http-nio-8090-exec-10] c.r.domain.auth.service.MenuService - 활성 메뉴 조회 완료: 31 개
2025-11-08 21:50:14.525 DEBUG [http-nio-8090-exec-10] c.r.domain.auth.service.MenuService - 메뉴 계층 구조 생성 완료: 최상위 메뉴 7 개
2025-11-08 21:50:14.558 DEBUG [http-nio-8090-exec-6] c.r.d.auth.controller.MenuController - 메뉴 계층 구조 조회 API 호출
2025-11-08 21:50:14.558 DEBUG [http-nio-8090-exec-3] c.r.d.auth.controller.AuthController - 현재 사용자 정보 조회 API 호출
2025-11-08 21:50:14.559 DEBUG [http-nio-8090-exec-6] c.r.domain.auth.service.MenuService - 메뉴 계층 구조 조회 시작
2025-11-08 21:50:14.569 DEBUG [http-nio-8090-exec-6] c.r.domain.auth.service.MenuService - 활성 메뉴 조회 완료: 31 개
2025-11-08 21:50:14.569 DEBUG [http-nio-8090-exec-6] c.r.domain.auth.service.MenuService - 메뉴 계층 구조 생성 완료: 최상위 메뉴 7 개
2025-11-08 21:50:17.345 INFO  [http-nio-8090-exec-7] c.r.d.l.c.LedgerOrderController - GET /api/ledger-orders/combo - 콤보박스용 원장차수 조회 (PROG, CLSD만)
2025-11-08 21:50:17.346 DEBUG [http-nio-8090-exec-7] c.r.d.l.service.LedgerOrderService - 콤보박스용 원장차수 조회 (PROG, CLSD만)
2025-11-08 21:50:17.358 DEBUG [http-nio-8090-exec-7] c.r.d.l.service.LedgerOrderService - 활성 원장차수 조회 완료 - count: 1
2025-11-08 21:55:14.371 DEBUG [http-nio-8090-exec-8] c.r.d.auth.controller.AuthController - 세션 확인 API 호출
2025-11-08 21:57:21.519 DEBUG [http-nio-8090-exec-10] c.r.d.auth.controller.AuthController - 현재 사용자 정보 조회 API 호출
2025-11-08 21:57:21.568 DEBUG [http-nio-8090-exec-3] c.r.d.auth.controller.MenuController - 메뉴 계층 구조 조회 API 호출
2025-11-08 21:57:21.569 DEBUG [http-nio-8090-exec-3] c.r.domain.auth.service.MenuService - 메뉴 계층 구조 조회 시작
2025-11-08 21:57:21.649 DEBUG [http-nio-8090-exec-6] c.r.d.auth.controller.AuthController - 현재 사용자 정보 조회 API 호출
2025-11-08 21:57:21.710 DEBUG [http-nio-8090-exec-3] c.r.domain.auth.service.MenuService - 활성 메뉴 조회 완료: 31 개
2025-11-08 21:57:21.716 DEBUG [http-nio-8090-exec-3] c.r.domain.auth.service.MenuService - 메뉴 계층 구조 생성 완료: 최상위 메뉴 7 개
2025-11-08 21:57:21.850 DEBUG [http-nio-8090-exec-7] c.r.d.auth.controller.MenuController - 메뉴 계층 구조 조회 API 호출
2025-11-08 21:57:21.861 DEBUG [http-nio-8090-exec-7] c.r.domain.auth.service.MenuService - 메뉴 계층 구조 조회 시작
2025-11-08 21:57:21.876 DEBUG [http-nio-8090-exec-7] c.r.domain.auth.service.MenuService - 활성 메뉴 조회 완료: 31 개
2025-11-08 21:57:21.877 DEBUG [http-nio-8090-exec-7] c.r.domain.auth.service.MenuService - 메뉴 계층 구조 생성 완료: 최상위 메뉴 7 개
2025-11-08 21:57:23.337 INFO  [http-nio-8090-exec-2] c.r.d.l.c.LedgerOrderController - GET /api/ledger-orders/combo - 콤보박스용 원장차수 조회 (PROG, CLSD만)
2025-11-08 21:57:23.339 DEBUG [http-nio-8090-exec-2] c.r.d.l.service.LedgerOrderService - 콤보박스용 원장차수 조회 (PROG, CLSD만)
2025-11-08 21:57:23.346 DEBUG [http-nio-8090-exec-2] c.r.d.l.service.LedgerOrderService - 활성 원장차수 조회 완료 - count: 1
2025-11-08 22:03:49.076 DEBUG [http-nio-8090-exec-8] c.r.d.auth.controller.AuthController - 현재 사용자 정보 조회 API 호출
2025-11-08 22:03:49.081 INFO  [http-nio-8090-exec-1] c.r.d.l.c.LedgerOrderController - GET /api/ledger-orders/combo - 콤보박스용 원장차수 조회 (PROG, CLSD만)
2025-11-08 22:03:49.082 DEBUG [http-nio-8090-exec-1] c.r.d.l.service.LedgerOrderService - 콤보박스용 원장차수 조회 (PROG, CLSD만)
2025-11-08 22:03:49.087 DEBUG [http-nio-8090-exec-1] c.r.d.l.service.LedgerOrderService - 활성 원장차수 조회 완료 - count: 1
2025-11-08 22:03:49.138 DEBUG [http-nio-8090-exec-5] c.r.d.auth.controller.AuthController - 현재 사용자 정보 조회 API 호출
2025-11-08 22:06:04.124 INFO  [http-nio-8090-exec-7] c.r.d.o.c.OrganizationController - GET /api/organizations/search?keyword= - 조직 검색
2025-11-08 22:06:04.125 DEBUG [http-nio-8090-exec-7] c.r.d.o.service.OrganizationService - 조직 검색 - searchKeyword: 
2025-11-08 22:08:48.892 DEBUG [http-nio-8090-exec-4] c.r.d.auth.controller.AuthController - 세션 확인 API 호출
2025-11-08 22:08:49.671 INFO  [http-nio-8090-exec-9] c.r.d.l.c.LedgerOrderController - GET /api/ledger-orders/combo - 콤보박스용 원장차수 조회 (PROG, CLSD만)
2025-11-08 22:08:49.672 DEBUG [http-nio-8090-exec-9] c.r.d.l.service.LedgerOrderService - 콤보박스용 원장차수 조회 (PROG, CLSD만)
2025-11-08 22:08:49.677 DEBUG [http-nio-8090-exec-9] c.r.d.l.service.LedgerOrderService - 활성 원장차수 조회 완료 - count: 1
2025-11-08 22:13:52.866 INFO  [http-nio-8090-exec-3] c.r.d.auth.controller.AuthController - 로그인 API 호출: username=admin
2025-11-08 22:13:52.870 INFO  [http-nio-8090-exec-3] c.r.domain.auth.service.AuthService - 로그인 시도: username=admin
2025-11-08 22:13:52.893 DEBUG [http-nio-8090-exec-3] c.r.d.a.s.CustomUserDetailsService - 로그인 시도: username=admin
2025-11-08 22:13:52.935 DEBUG [http-nio-8090-exec-3] c.r.d.a.s.CustomUserDetailsService - 사용자 역할 조회 완료: username=admin, roles=[002, 103]
2025-11-08 22:13:53.982 INFO  [http-nio-8090-exec-3] c.r.domain.auth.service.AuthService - 로그인 성공: username=admin, userId=1
2025-11-08 22:13:54.010 INFO  [http-nio-8090-exec-3] c.r.d.auth.controller.AuthController - 로그인 성공: username=admin, sessionId=12cdb11d-0075-48fc-8ba1-a6a1f1893afe
2025-11-08 22:13:54.145 INFO  [http-nio-8090-exec-10] c.r.d.s.c.c.CommonCodeController - GET /api/system/codes/groups/active/with-details - 활성화된 모든 코드 그룹 및 상세 조회
2025-11-08 22:13:54.146 DEBUG [http-nio-8090-exec-10] c.r.d.s.c.service.CommonCodeService - 활성화된 모든 코드 그룹 및 상세 조회
2025-11-08 22:13:54.167 INFO  [http-nio-8090-exec-6] c.r.d.o.c.OrganizationController - GET /api/organizations/active - 활성 조직 목록 조회
2025-11-08 22:13:54.170 DEBUG [http-nio-8090-exec-6] c.r.d.o.service.OrganizationService - 활성 조직 목록 조회
2025-11-08 22:13:54.181 DEBUG [http-nio-8090-exec-7] c.r.d.auth.controller.MenuController - 메뉴 계층 구조 조회 API 호출
2025-11-08 22:13:54.194 DEBUG [http-nio-8090-exec-7] c.r.domain.auth.service.MenuService - 메뉴 계층 구조 조회 시작
2025-11-08 22:13:54.210 DEBUG [http-nio-8090-exec-7] c.r.domain.auth.service.MenuService - 활성 메뉴 조회 완료: 31 개
2025-11-08 22:13:54.211 DEBUG [http-nio-8090-exec-7] c.r.domain.auth.service.MenuService - 메뉴 계층 구조 생성 완료: 최상위 메뉴 7 개
2025-11-08 22:16:43.771 INFO  [http-nio-8090-exec-1] c.r.d.l.c.LedgerOrderController - GET /api/ledger-orders/combo - 콤보박스용 원장차수 조회 (PROG, CLSD만)
2025-11-08 22:16:43.772 DEBUG [http-nio-8090-exec-1] c.r.d.l.service.LedgerOrderService - 콤보박스용 원장차수 조회 (PROG, CLSD만)
2025-11-08 22:16:43.776 DEBUG [http-nio-8090-exec-1] c.r.d.l.service.LedgerOrderService - 활성 원장차수 조회 완료 - count: 1
2025-11-08 22:17:54.582 INFO  [http-nio-8090-exec-3] c.r.d.o.c.OrganizationController - GET /api/organizations/search?keyword= - 조직 검색
2025-11-08 22:17:54.583 DEBUG [http-nio-8090-exec-3] c.r.d.o.service.OrganizationService - 조직 검색 - searchKeyword: 
2025-11-08 22:18:54.536 DEBUG [http-nio-8090-exec-6] c.r.d.auth.controller.AuthController - 세션 확인 API 호출
2025-11-08 22:21:53.047 INFO  [http-nio-8090-exec-10] c.r.d.o.c.OrganizationController - GET /api/organizations/search?keyword= - 조직 검색
2025-11-08 22:21:53.048 DEBUG [http-nio-8090-exec-10] c.r.d.o.service.OrganizationService - 조직 검색 - searchKeyword: 
2025-11-08 22:23:54.536 DEBUG [http-nio-8090-exec-4] c.r.d.auth.controller.AuthController - 세션 확인 API 호출
2025-11-08 22:25:22.635 DEBUG [http-nio-8090-exec-9] c.r.d.auth.controller.MenuController - 메뉴 계층 구조 조회 API 호출
2025-11-08 22:25:22.637 DEBUG [http-nio-8090-exec-9] c.r.domain.auth.service.MenuService - 메뉴 계층 구조 조회 시작
2025-11-08 22:25:22.640 DEBUG [http-nio-8090-exec-1] c.r.d.auth.controller.AuthController - 현재 사용자 정보 조회 API 호출
2025-11-08 22:25:22.646 DEBUG [http-nio-8090-exec-9] c.r.domain.auth.service.MenuService - 활성 메뉴 조회 완료: 31 개
2025-11-08 22:25:22.647 DEBUG [http-nio-8090-exec-9] c.r.domain.auth.service.MenuService - 메뉴 계층 구조 생성 완료: 최상위 메뉴 7 개
2025-11-08 22:25:22.680 DEBUG [http-nio-8090-exec-5] c.r.d.auth.controller.AuthController - 현재 사용자 정보 조회 API 호출
2025-11-08 22:25:22.680 DEBUG [http-nio-8090-exec-3] c.r.d.auth.controller.MenuController - 메뉴 계층 구조 조회 API 호출
2025-11-08 22:25:22.681 DEBUG [http-nio-8090-exec-3] c.r.domain.auth.service.MenuService - 메뉴 계층 구조 조회 시작
2025-11-08 22:25:22.695 DEBUG [http-nio-8090-exec-3] c.r.domain.auth.service.MenuService - 활성 메뉴 조회 완료: 31 개
2025-11-08 22:25:22.695 DEBUG [http-nio-8090-exec-3] c.r.domain.auth.service.MenuService - 메뉴 계층 구조 생성 완료: 최상위 메뉴 7 개
2025-11-08 22:25:23.927 INFO  [http-nio-8090-exec-6] c.r.d.l.c.LedgerOrderController - GET /api/ledger-orders/combo - 콤보박스용 원장차수 조회 (PROG, CLSD만)
2025-11-08 22:25:23.928 DEBUG [http-nio-8090-exec-6] c.r.d.l.service.LedgerOrderService - 콤보박스용 원장차수 조회 (PROG, CLSD만)
2025-11-08 22:25:23.932 DEBUG [http-nio-8090-exec-6] c.r.d.l.service.LedgerOrderService - 활성 원장차수 조회 완료 - count: 1
2025-11-08 22:30:22.546 DEBUG [http-nio-8090-exec-4] c.r.d.auth.controller.AuthController - 세션 확인 API 호출
2025-11-08 22:35:22.600 DEBUG [http-nio-8090-exec-1] c.r.d.auth.controller.AuthController - 세션 확인 API 호출
2025-11-08 22:40:22.568 DEBUG [http-nio-8090-exec-5] c.r.d.auth.controller.AuthController - 세션 확인 API 호출
2025-11-08 22:55:14.853 INFO  [http-nio-8090-exec-7] c.r.d.auth.controller.AuthController - 로그인 API 호출: username=admin
2025-11-08 22:55:14.855 INFO  [http-nio-8090-exec-7] c.r.domain.auth.service.AuthService - 로그인 시도: username=admin
2025-11-08 22:55:14.863 DEBUG [http-nio-8090-exec-7] c.r.d.a.s.CustomUserDetailsService - 로그인 시도: username=admin
2025-11-08 22:55:14.880 DEBUG [http-nio-8090-exec-7] c.r.d.a.s.CustomUserDetailsService - 사용자 역할 조회 완료: username=admin, roles=[002, 103]
2025-11-08 22:55:15.208 INFO  [http-nio-8090-exec-7] c.r.domain.auth.service.AuthService - 로그인 성공: username=admin, userId=1
2025-11-08 22:55:15.218 INFO  [http-nio-8090-exec-7] c.r.d.auth.controller.AuthController - 로그인 성공: username=admin, sessionId=f36d25f7-d3da-474b-b064-3055e6b3b176
2025-11-08 22:55:15.264 INFO  [http-nio-8090-exec-10] c.r.d.s.c.c.CommonCodeController - GET /api/system/codes/groups/active/with-details - 활성화된 모든 코드 그룹 및 상세 조회
2025-11-08 22:55:15.267 DEBUG [http-nio-8090-exec-10] c.r.d.s.c.service.CommonCodeService - 활성화된 모든 코드 그룹 및 상세 조회
2025-11-08 22:55:15.269 DEBUG [http-nio-8090-exec-4] c.r.d.auth.controller.MenuController - 메뉴 계층 구조 조회 API 호출
2025-11-08 22:55:15.270 INFO  [http-nio-8090-exec-2] c.r.d.o.c.OrganizationController - GET /api/organizations/active - 활성 조직 목록 조회
2025-11-08 22:55:15.270 DEBUG [http-nio-8090-exec-4] c.r.domain.auth.service.MenuService - 메뉴 계층 구조 조회 시작
2025-11-08 22:55:15.277 DEBUG [http-nio-8090-exec-4] c.r.domain.auth.service.MenuService - 활성 메뉴 조회 완료: 31 개
2025-11-08 22:55:15.278 DEBUG [http-nio-8090-exec-4] c.r.domain.auth.service.MenuService - 메뉴 계층 구조 생성 완료: 최상위 메뉴 7 개
2025-11-08 22:55:15.280 DEBUG [http-nio-8090-exec-2] c.r.d.o.service.OrganizationService - 활성 조직 목록 조회
2025-11-08 22:55:17.453 INFO  [http-nio-8090-exec-8] c.r.d.l.c.LedgerOrderController - GET /api/ledger-orders/combo - 콤보박스용 원장차수 조회 (PROG, CLSD만)
2025-11-08 22:55:17.453 DEBUG [http-nio-8090-exec-8] c.r.d.l.service.LedgerOrderService - 콤보박스용 원장차수 조회 (PROG, CLSD만)
2025-11-08 22:55:17.456 DEBUG [http-nio-8090-exec-8] c.r.d.l.service.LedgerOrderService - 활성 원장차수 조회 완료 - count: 1
2025-11-08 23:00:15.393 DEBUG [http-nio-8090-exec-3] c.r.d.auth.controller.AuthController - 세션 확인 API 호출
2025-11-08 23:00:36.953 DEBUG [http-nio-8090-exec-7] c.r.d.auth.controller.MenuController - 메뉴 계층 구조 조회 API 호출
2025-11-08 23:00:36.954 DEBUG [http-nio-8090-exec-7] c.r.domain.auth.service.MenuService - 메뉴 계층 구조 조회 시작
2025-11-08 23:00:36.956 DEBUG [http-nio-8090-exec-4] c.r.d.auth.controller.AuthController - 현재 사용자 정보 조회 API 호출
2025-11-08 23:00:36.958 DEBUG [http-nio-8090-exec-7] c.r.domain.auth.service.MenuService - 활성 메뉴 조회 완료: 31 개
2025-11-08 23:00:36.958 DEBUG [http-nio-8090-exec-7] c.r.domain.auth.service.MenuService - 메뉴 계층 구조 생성 완료: 최상위 메뉴 7 개
2025-11-08 23:00:36.982 DEBUG [http-nio-8090-exec-10] c.r.d.auth.controller.MenuController - 메뉴 계층 구조 조회 API 호출
2025-11-08 23:00:36.983 DEBUG [http-nio-8090-exec-10] c.r.domain.auth.service.MenuService - 메뉴 계층 구조 조회 시작
2025-11-08 23:00:36.989 DEBUG [http-nio-8090-exec-10] c.r.domain.auth.service.MenuService - 활성 메뉴 조회 완료: 31 개
2025-11-08 23:00:36.989 DEBUG [http-nio-8090-exec-10] c.r.domain.auth.service.MenuService - 메뉴 계층 구조 생성 완료: 최상위 메뉴 7 개
2025-11-08 23:00:36.992 DEBUG [http-nio-8090-exec-2] c.r.d.auth.controller.AuthController - 현재 사용자 정보 조회 API 호출
2025-11-08 23:00:37.891 INFO  [http-nio-8090-exec-8] c.r.d.l.c.LedgerOrderController - GET /api/ledger-orders/combo - 콤보박스용 원장차수 조회 (PROG, CLSD만)
2025-11-08 23:00:37.891 DEBUG [http-nio-8090-exec-8] c.r.d.l.service.LedgerOrderService - 콤보박스용 원장차수 조회 (PROG, CLSD만)
2025-11-08 23:00:37.894 DEBUG [http-nio-8090-exec-8] c.r.d.l.service.LedgerOrderService - 활성 원장차수 조회 완료 - count: 1
2025-11-08 23:05:37.861 DEBUG [http-nio-8090-exec-3] c.r.d.auth.controller.AuthController - 세션 확인 API 호출
2025-11-08 23:10:37.855 DEBUG [http-nio-8090-exec-4] c.r.d.auth.controller.AuthController - 세션 확인 API 호출
2025-11-08 23:15:37.864 DEBUG [http-nio-8090-exec-10] c.r.d.auth.controller.AuthController - 세션 확인 API 호출
2025-11-08 23:20:37.794 DEBUG [http-nio-8090-exec-8] c.r.d.auth.controller.AuthController - 세션 확인 API 호출
2025-11-08 23:20:43.010 INFO  [http-nio-8090-exec-1] c.r.d.l.c.LedgerOrderController - GET /api/ledger-orders/combo - 콤보박스용 원장차수 조회 (PROG, CLSD만)
2025-11-08 23:20:43.012 DEBUG [http-nio-8090-exec-1] c.r.d.l.service.LedgerOrderService - 콤보박스용 원장차수 조회 (PROG, CLSD만)
2025-11-08 23:20:43.018 DEBUG [http-nio-8090-exec-1] c.r.d.l.service.LedgerOrderService - 활성 원장차수 조회 완료 - count: 1
